2024-03-25 13:26:21,380 INFO     
2024-03-25 13:26:21,380 INFO      _   _____________ _____                                _   _
2024-03-25 13:26:21,380 INFO     | | | | ___ \ ___ \_   _|                              | \ | |
2024-03-25 13:26:21,380 INFO     | | | | |_/ / |_/ / | | ___ _ __ ___  _ __   ___ ______|  \| | ___ _   _ _ __ ___
2024-03-25 13:26:21,380 INFO     | | | |  __/|    /  | |/ _ \  _   _ \|  _ \ / _ \______|     |/ _ \ | | |  __/ _ \
2024-03-25 13:26:21,380 INFO     \ \_/ / |   | |\ \  | |  __/ | | | | | |_) | (_) |     | |\  |  __/ |_| | | | (_) |
2024-03-25 13:26:21,381 INFO      \___/\_|   \_| \_| \_/\___|_| |_| |_| .__/ \___/      \_| \_/\___|\__,_|_|  \___/
2024-03-25 13:26:21,381 INFO                                          | |
2024-03-25 13:26:21,381 INFO                                          |_|
2024-03-25 13:26:21,381 INFO     -----------------------------------------------------------------------
2024-03-25 13:26:21,381 INFO     VPRTempoNeuro: Neuromorphic Visual Place Recognition v0.1.0
2024-03-25 13:26:21,381 INFO     Queensland University of Technology, Centre for Robotics
2024-03-25 13:26:21,381 INFO     
2024-03-25 13:26:21,381 INFO     © 2024 Adam D Hines, Michael Milford, Tobias Fischer
2024-03-25 13:26:21,381 INFO     MIT license - https://github.com/AdamDHines/VPRTempoNeuro
2024-03-25 13:26:21,381 INFO     \\\\\\\\\\\\
2024-03-25 13:26:21,381 INFO     
2024-03-25 13:26:21,386 INFO     Current device is CPU
2024-03-25 13:26:21,386 INFO     
2024-03-25 13:26:28,376 INFO     +--------+-----+-----+------+------+------+------+
|   N    |  1  |  5  |  10  |  15  |  20  |  25  |
+--------+-----+-----+------+------+------+------+
| Recall | 0.0 | 0.0 | 0.02 | 0.04 | 0.05 | 0.05 |
+--------+-----+-----+------+------+------+------+
