2024-07-11 10:01:26,196 INFO     
2024-07-11 10:01:26,196 INFO     ██╗░░░░░███████╗███╗░░██╗░██████╗
2024-07-11 10:01:26,196 INFO     ██║░░░░░██╔════╝████╗░██║██╔════╝
2024-07-11 10:01:26,196 INFO     ██║░░░░░█████╗░░██╔██╗██║╚█████╗░
2024-07-11 10:01:26,196 INFO     ██║░░░░░██╔══╝░░██║╚████║░╚═══██╗
2024-07-11 10:01:26,196 INFO     ███████╗███████╗██║░╚███║██████╔╝
2024-07-11 10:01:26,196 INFO     ╚══════╝╚══════╝╚═╝░░╚══╝╚═════╝░
2024-07-11 10:01:26,196 INFO     
2024-07-11 10:01:26,196 INFO     \\\\\\\\\\\\
2024-07-11 10:01:26,196 INFO     LENS: Locational Encoding with Neuromorphic Systems v0.1.0
2024-07-11 10:01:26,196 INFO     Queensland University of Technology, Centre for Robotics
2024-07-11 10:01:26,196 INFO     
2024-07-11 10:01:26,196 INFO     © 2024 Adam D Hines, Michael Milford, Tobias Fischer
2024-07-11 10:01:26,196 INFO     MIT license - https://github.com/AdamDHines/LENS
2024-07-11 10:01:26,196 INFO     \\\\\\\\\\\\
2024-07-11 10:01:26,196 INFO     
2024-07-11 10:01:26,196 INFO     Current device is: Speck2fDevKit
2024-07-11 10:01:26,196 INFO     
2024-07-11 10:01:58,163 INFO     
2024-07-11 10:01:58,163 INFO     Succesfully completed inferencing using LENS
