2024-06-12 14:19:25,099 INFO     
2024-06-12 14:19:25,099 INFO     ██╗░░░░░███████╗███╗░░██╗░██████╗
2024-06-12 14:19:25,099 INFO     ██║░░░░░██╔════╝████╗░██║██╔════╝
2024-06-12 14:19:25,099 INFO     ██║░░░░░█████╗░░██╔██╗██║╚█████╗░
2024-06-12 14:19:25,099 INFO     ██║░░░░░██╔══╝░░██║╚████║░╚═══██╗
2024-06-12 14:19:25,099 INFO     ███████╗███████╗██║░╚███║██████╔╝
2024-06-12 14:19:25,099 INFO     ╚══════╝╚══════╝╚═╝░░╚══╝╚═════╝░
2024-06-12 14:19:25,099 INFO     
2024-06-12 14:19:25,099 INFO     \\\\\\\\\\\\
2024-06-12 14:19:25,099 INFO     LENS: Locational Encoding with Neuromorphic Systems v0.1.0
2024-06-12 14:19:25,099 INFO     Queensland University of Technology, Centre for Robotics
2024-06-12 14:19:25,099 INFO     
2024-06-12 14:19:25,099 INFO     © 2024 Adam D Hines, Michael Milford, Tobias Fischer
2024-06-12 14:19:25,099 INFO     MIT license - https://github.com/AdamDHines/LENS
2024-06-12 14:19:25,099 INFO     \\\\\\\\\\\\
2024-06-12 14:19:25,100 INFO     
2024-06-12 14:19:25,100 INFO     Current device is: Speck2fDevKit
2024-06-12 14:19:25,100 INFO     
2024-06-12 14:19:34,154 INFO     
2024-06-12 14:19:34,154 INFO     Succesfully completed inferencing using LENS
