2024-03-15 14:43:50,983 INFO     
2024-03-15 14:43:50,984 INFO      _   _____________ _____                                _   _
2024-03-15 14:43:50,984 INFO     | | | | ___ \ ___ \_   _|                              | \ | |
2024-03-15 14:43:50,984 INFO     | | | | |_/ / |_/ / | | ___ _ __ ___  _ __   ___ ______|  \| | ___ _   _ _ __ ___
2024-03-15 14:43:50,984 INFO     | | | |  __/|    /  | |/ _ \  _   _ \|  _ \ / _ \______|     |/ _ \ | | |  __/ _ \
2024-03-15 14:43:50,984 INFO     \ \_/ / |   | |\ \  | |  __/ | | | | | |_) | (_) |     | |\  |  __/ |_| | | | (_) |
2024-03-15 14:43:50,984 INFO      \___/\_|   \_| \_| \_/\___|_| |_| |_| .__/ \___/      \_| \_/\___|\__,_|_|  \___/
2024-03-15 14:43:50,984 INFO                                          | |
2024-03-15 14:43:50,984 INFO                                          |_|
2024-03-15 14:43:50,984 INFO     -----------------------------------------------------------------------
2024-03-15 14:43:50,984 INFO     VPRTempoNeuro: Neuromorphic Visual Place Recognition v0.1.0
2024-03-15 14:43:50,984 INFO     Queensland University of Technology, Centre for Robotics
2024-03-15 14:43:50,984 INFO     
2024-03-15 14:43:50,984 INFO     © 2024 Adam D Hines, Michael Milford, Tobias Fischer
2024-03-15 14:43:50,984 INFO     MIT license - https://github.com/AdamDHines/VPRTempoNeuro
2024-03-15 14:43:50,984 INFO     \\\\\\\\\\\\
2024-03-15 14:43:50,984 INFO     
2024-03-15 14:43:50,989 INFO     Current device is CPU
2024-03-15 14:43:50,989 INFO     
2024-03-15 14:44:04,811 INFO     +--------+------+------+------+------+------+------+
|   N    |  1   |  5   |  10  |  15  |  20  |  25  |
+--------+------+------+------+------+------+------+
| Recall | 0.13 | 0.32 | 0.42 | 0.49 | 0.53 | 0.56 |
+--------+------+------+------+------+------+------+
