2024-06-05 10:55:50,021 INFO     
2024-06-05 10:55:50,022 INFO      _   _____________ _____                                _   _
2024-06-05 10:55:50,022 INFO     | | | | ___ \ ___ \_   _|                              | \ | |
2024-06-05 10:55:50,022 INFO     | | | | |_/ / |_/ / | | ___ _ __ ___  _ __   ___ ______|  \| | ___ _   _ _ __ ___
2024-06-05 10:55:50,022 INFO     | | | |  __/|    /  | |/ _ \  _   _ \|  _ \ / _ \______|     |/ _ \ | | |  __/ _ \
2024-06-05 10:55:50,022 INFO     \ \_/ / |   | |\ \  | |  __/ | | | | | |_) | (_) |     | |\  |  __/ |_| | | | (_) |
2024-06-05 10:55:50,022 INFO      \___/\_|   \_| \_| \_/\___|_| |_| |_| .__/ \___/      \_| \_/\___|\__,_|_|  \___/
2024-06-05 10:55:50,022 INFO                                          | |
2024-06-05 10:55:50,022 INFO                                          |_|
2024-06-05 10:55:50,022 INFO     -----------------------------------------------------------------------
2024-06-05 10:55:50,022 INFO     VPRTempoNeuro: Neuromorphic Visual Place Recognition v0.1.0
2024-06-05 10:55:50,022 INFO     Queensland University of Technology, Centre for Robotics
2024-06-05 10:55:50,022 INFO     
2024-06-05 10:55:50,022 INFO     © 2024 Adam D Hines, Michael Milford, Tobias Fischer
2024-06-05 10:55:50,022 INFO     MIT license - https://github.com/AdamDHines/VPRTempoNeuro
2024-06-05 10:55:50,022 INFO     \\\\\\\\\\\\
2024-06-05 10:55:50,022 INFO     
2024-06-05 10:55:50,048 INFO     Current device is NVIDIA GeForce RTX 2080
2024-06-05 10:55:50,048 INFO     
2024-06-05 10:55:50,468 INFO     +--------+-----+------+------+-----+-----+-----+
|   N    |  1  |  5   |  10  |  15 |  20 |  25 |
+--------+-----+------+------+-----+-----+-----+
| Recall | 0.9 | 0.96 | 0.98 | 1.0 | 1.0 | 1.0 |
+--------+-----+------+------+-----+-----+-----+
