2024-03-15 11:24:15,697 INFO     
2024-03-15 11:24:15,697 INFO      _   _____________ _____                                _   _
2024-03-15 11:24:15,697 INFO     | | | | ___ \ ___ \_   _|                              | \ | |
2024-03-15 11:24:15,697 INFO     | | | | |_/ / |_/ / | | ___ _ __ ___  _ __   ___ ______|  \| | ___ _   _ _ __ ___
2024-03-15 11:24:15,697 INFO     | | | |  __/|    /  | |/ _ \  _   _ \|  _ \ / _ \______|     |/ _ \ | | |  __/ _ \
2024-03-15 11:24:15,697 INFO     \ \_/ / |   | |\ \  | |  __/ | | | | | |_) | (_) |     | |\  |  __/ |_| | | | (_) |
2024-03-15 11:24:15,697 INFO      \___/\_|   \_| \_| \_/\___|_| |_| |_| .__/ \___/      \_| \_/\___|\__,_|_|  \___/
2024-03-15 11:24:15,698 INFO                                          | |
2024-03-15 11:24:15,698 INFO                                          |_|
2024-03-15 11:24:15,698 INFO     -----------------------------------------------------------------------
2024-03-15 11:24:15,698 INFO     VPRTempoNeuro: Neuromorphic Visual Place Recognition v0.1.0
2024-03-15 11:24:15,698 INFO     Queensland University of Technology, Centre for Robotics
2024-03-15 11:24:15,698 INFO     
2024-03-15 11:24:15,698 INFO     © 2024 Adam D Hines, Michael Milford, Tobias Fischer
2024-03-15 11:24:15,698 INFO     MIT license - https://github.com/AdamDHines/VPRTempoNeuro
2024-03-15 11:24:15,698 INFO     \\\\\\\\\\\\
2024-03-15 11:24:15,698 INFO     
2024-03-15 11:24:15,716 INFO     Current device is NVIDIA GeForce RTX 2080
2024-03-15 11:24:15,716 INFO     
2024-03-15 11:25:07,330 INFO     
2024-03-15 11:25:07,330 INFO      _   _____________ _____                                _   _
2024-03-15 11:25:07,330 INFO     | | | | ___ \ ___ \_   _|                              | \ | |
2024-03-15 11:25:07,331 INFO     | | | | |_/ / |_/ / | | ___ _ __ ___  _ __   ___ ______|  \| | ___ _   _ _ __ ___
2024-03-15 11:25:07,331 INFO     | | | |  __/|    /  | |/ _ \  _   _ \|  _ \ / _ \______|     |/ _ \ | | |  __/ _ \
2024-03-15 11:25:07,331 INFO     \ \_/ / |   | |\ \  | |  __/ | | | | | |_) | (_) |     | |\  |  __/ |_| | | | (_) |
2024-03-15 11:25:07,331 INFO      \___/\_|   \_| \_| \_/\___|_| |_| |_| .__/ \___/      \_| \_/\___|\__,_|_|  \___/
2024-03-15 11:25:07,331 INFO                                          | |
2024-03-15 11:25:07,331 INFO                                          |_|
2024-03-15 11:25:07,331 INFO     -----------------------------------------------------------------------
2024-03-15 11:25:07,331 INFO     VPRTempoNeuro: Neuromorphic Visual Place Recognition v0.1.0
2024-03-15 11:25:07,332 INFO     Queensland University of Technology, Centre for Robotics
2024-03-15 11:25:07,332 INFO     
2024-03-15 11:25:07,332 INFO     © 2024 Adam D Hines, Michael Milford, Tobias Fischer
2024-03-15 11:25:07,332 INFO     MIT license - https://github.com/AdamDHines/VPRTempoNeuro
2024-03-15 11:25:07,332 INFO     \\\\\\\\\\\\
2024-03-15 11:25:07,332 INFO     
2024-03-15 11:25:07,332 INFO     Current device is NVIDIA GeForce RTX 2080
2024-03-15 11:25:07,332 INFO     
2024-03-15 11:25:08,234 INFO     +--------+------+------+------+------+------+------+
|   N    |  1   |  5   |  10  |  15  |  20  |  25  |
+--------+------+------+------+------+------+------+
| Recall | 0.48 | 0.71 | 0.79 | 0.84 | 0.85 | 0.87 |
+--------+------+------+------+------+------+------+
2024-03-15 11:25:22,306 INFO     
2024-03-15 11:25:22,306 INFO      _   _____________ _____                                _   _
2024-03-15 11:25:22,306 INFO     | | | | ___ \ ___ \_   _|                              | \ | |
2024-03-15 11:25:22,306 INFO     | | | | |_/ / |_/ / | | ___ _ __ ___  _ __   ___ ______|  \| | ___ _   _ _ __ ___
2024-03-15 11:25:22,306 INFO     | | | |  __/|    /  | |/ _ \  _   _ \|  _ \ / _ \______|     |/ _ \ | | |  __/ _ \
2024-03-15 11:25:22,307 INFO     \ \_/ / |   | |\ \  | |  __/ | | | | | |_) | (_) |     | |\  |  __/ |_| | | | (_) |
2024-03-15 11:25:22,307 INFO      \___/\_|   \_| \_| \_/\___|_| |_| |_| .__/ \___/      \_| \_/\___|\__,_|_|  \___/
2024-03-15 11:25:22,307 INFO                                          | |
2024-03-15 11:25:22,307 INFO                                          |_|
2024-03-15 11:25:22,307 INFO     -----------------------------------------------------------------------
2024-03-15 11:25:22,307 INFO     VPRTempoNeuro: Neuromorphic Visual Place Recognition v0.1.0
2024-03-15 11:25:22,307 INFO     Queensland University of Technology, Centre for Robotics
2024-03-15 11:25:22,308 INFO     
2024-03-15 11:25:22,308 INFO     © 2024 Adam D Hines, Michael Milford, Tobias Fischer
2024-03-15 11:25:22,308 INFO     MIT license - https://github.com/AdamDHines/VPRTempoNeuro
2024-03-15 11:25:22,308 INFO     \\\\\\\\\\\\
2024-03-15 11:25:22,308 INFO     
2024-03-15 11:25:22,308 INFO     Current device is NVIDIA GeForce RTX 2080
2024-03-15 11:25:22,308 INFO     
