2024-03-25 16:19:41,995 INFO     
2024-03-25 16:19:41,995 INFO      _   _____________ _____                                _   _
2024-03-25 16:19:41,995 INFO     | | | | ___ \ ___ \_   _|                              | \ | |
2024-03-25 16:19:41,995 INFO     | | | | |_/ / |_/ / | | ___ _ __ ___  _ __   ___ ______|  \| | ___ _   _ _ __ ___
2024-03-25 16:19:41,995 INFO     | | | |  __/|    /  | |/ _ \  _   _ \|  _ \ / _ \______|     |/ _ \ | | |  __/ _ \
2024-03-25 16:19:41,995 INFO     \ \_/ / |   | |\ \  | |  __/ | | | | | |_) | (_) |     | |\  |  __/ |_| | | | (_) |
2024-03-25 16:19:41,995 INFO      \___/\_|   \_| \_| \_/\___|_| |_| |_| .__/ \___/      \_| \_/\___|\__,_|_|  \___/
2024-03-25 16:19:41,995 INFO                                          | |
2024-03-25 16:19:41,995 INFO                                          |_|
2024-03-25 16:19:41,995 INFO     -----------------------------------------------------------------------
2024-03-25 16:19:41,995 INFO     VPRTempoNeuro: Neuromorphic Visual Place Recognition v0.1.0
2024-03-25 16:19:41,995 INFO     Queensland University of Technology, Centre for Robotics
2024-03-25 16:19:41,995 INFO     
2024-03-25 16:19:41,995 INFO     © 2024 Adam D Hines, Michael Milford, Tobias Fischer
2024-03-25 16:19:41,995 INFO     MIT license - https://github.com/AdamDHines/VPRTempoNeuro
2024-03-25 16:19:41,995 INFO     \\\\\\\\\\\\
2024-03-25 16:19:41,995 INFO     
2024-03-25 16:19:42,013 INFO     Current device is NVIDIA GeForce RTX 2080
2024-03-25 16:19:42,013 INFO     
2024-03-25 16:19:42,894 INFO     +--------+------+-----+------+------+------+------+
|   N    |  1   |  5  |  10  |  15  |  20  |  25  |
+--------+------+-----+------+------+------+------+
| Recall | 0.57 | 0.8 | 0.87 | 0.89 | 0.91 | 0.92 |
+--------+------+-----+------+------+------+------+
