2024-03-26 15:46:59,675 INFO     
2024-03-26 15:46:59,675 INFO      _   _____________ _____                                _   _
2024-03-26 15:46:59,675 INFO     | | | | ___ \ ___ \_   _|                              | \ | |
2024-03-26 15:46:59,675 INFO     | | | | |_/ / |_/ / | | ___ _ __ ___  _ __   ___ ______|  \| | ___ _   _ _ __ ___
2024-03-26 15:46:59,675 INFO     | | | |  __/|    /  | |/ _ \  _   _ \|  _ \ / _ \______|     |/ _ \ | | |  __/ _ \
2024-03-26 15:46:59,675 INFO     \ \_/ / |   | |\ \  | |  __/ | | | | | |_) | (_) |     | |\  |  __/ |_| | | | (_) |
2024-03-26 15:46:59,675 INFO      \___/\_|   \_| \_| \_/\___|_| |_| |_| .__/ \___/      \_| \_/\___|\__,_|_|  \___/
2024-03-26 15:46:59,675 INFO                                          | |
2024-03-26 15:46:59,675 INFO                                          |_|
2024-03-26 15:46:59,675 INFO     -----------------------------------------------------------------------
2024-03-26 15:46:59,675 INFO     VPRTempoNeuro: Neuromorphic Visual Place Recognition v0.1.0
2024-03-26 15:46:59,675 INFO     Queensland University of Technology, Centre for Robotics
2024-03-26 15:46:59,676 INFO     
2024-03-26 15:46:59,676 INFO     © 2024 Adam D Hines, Michael Milford, Tobias Fischer
2024-03-26 15:46:59,676 INFO     MIT license - https://github.com/AdamDHines/VPRTempoNeuro
2024-03-26 15:46:59,676 INFO     \\\\\\\\\\\\
2024-03-26 15:46:59,676 INFO     
2024-03-26 15:46:59,692 INFO     Current device is NVIDIA GeForce RTX 2080
2024-03-26 15:46:59,692 INFO     
2024-03-26 15:47:00,569 INFO     +--------+------+------+------+------+------+------+
|   N    |  1   |  5   |  10  |  15  |  20  |  25  |
+--------+------+------+------+------+------+------+
| Recall | 0.32 | 0.54 | 0.66 | 0.73 | 0.78 | 0.81 |
+--------+------+------+------+------+------+------+
