2024-03-15 10:58:02,969 INFO     
2024-03-15 10:58:02,969 INFO      _   _____________ _____                                _   _
2024-03-15 10:58:02,969 INFO     | | | | ___ \ ___ \_   _|                              | \ | |
2024-03-15 10:58:02,969 INFO     | | | | |_/ / |_/ / | | ___ _ __ ___  _ __   ___ ______|  \| | ___ _   _ _ __ ___
2024-03-15 10:58:02,969 INFO     | | | |  __/|    /  | |/ _ \  _   _ \|  _ \ / _ \______|     |/ _ \ | | |  __/ _ \
2024-03-15 10:58:02,969 INFO     \ \_/ / |   | |\ \  | |  __/ | | | | | |_) | (_) |     | |\  |  __/ |_| | | | (_) |
2024-03-15 10:58:02,969 INFO      \___/\_|   \_| \_| \_/\___|_| |_| |_| .__/ \___/      \_| \_/\___|\__,_|_|  \___/
2024-03-15 10:58:02,969 INFO                                          | |
2024-03-15 10:58:02,969 INFO                                          |_|
2024-03-15 10:58:02,969 INFO     -----------------------------------------------------------------------
2024-03-15 10:58:02,969 INFO     VPRTempoNeuro: Neuromorphic Visual Place Recognition v0.1.0
2024-03-15 10:58:02,969 INFO     Queensland University of Technology, Centre for Robotics
2024-03-15 10:58:02,969 INFO     
2024-03-15 10:58:02,969 INFO     © 2024 Adam D Hines, Michael Milford, Tobias Fischer
2024-03-15 10:58:02,969 INFO     MIT license - https://github.com/AdamDHines/VPRTempoNeuro
2024-03-15 10:58:02,969 INFO     \\\\\\\\\\\\
2024-03-15 10:58:02,969 INFO     
2024-03-15 10:58:02,976 INFO     Current device is CPU
2024-03-15 10:58:02,977 INFO     
2024-03-15 10:58:16,946 INFO     +--------+------+------+------+------+------+------+
|   N    |  1   |  5   |  10  |  15  |  20  |  25  |
+--------+------+------+------+------+------+------+
| Recall | 0.21 | 0.44 | 0.53 | 0.62 | 0.65 | 0.68 |
+--------+------+------+------+------+------+------+
