2024-03-15 10:53:26,966 INFO     
2024-03-15 10:53:26,966 INFO      _   _____________ _____                                _   _
2024-03-15 10:53:26,966 INFO     | | | | ___ \ ___ \_   _|                              | \ | |
2024-03-15 10:53:26,966 INFO     | | | | |_/ / |_/ / | | ___ _ __ ___  _ __   ___ ______|  \| | ___ _   _ _ __ ___
2024-03-15 10:53:26,966 INFO     | | | |  __/|    /  | |/ _ \  _   _ \|  _ \ / _ \______|     |/ _ \ | | |  __/ _ \
2024-03-15 10:53:26,966 INFO     \ \_/ / |   | |\ \  | |  __/ | | | | | |_) | (_) |     | |\  |  __/ |_| | | | (_) |
2024-03-15 10:53:26,967 INFO      \___/\_|   \_| \_| \_/\___|_| |_| |_| .__/ \___/      \_| \_/\___|\__,_|_|  \___/
2024-03-15 10:53:26,967 INFO                                          | |
2024-03-15 10:53:26,967 INFO                                          |_|
2024-03-15 10:53:26,967 INFO     -----------------------------------------------------------------------
2024-03-15 10:53:26,967 INFO     VPRTempoNeuro: Neuromorphic Visual Place Recognition v0.1.0
2024-03-15 10:53:26,967 INFO     Queensland University of Technology, Centre for Robotics
2024-03-15 10:53:26,967 INFO     
2024-03-15 10:53:26,967 INFO     © 2024 Adam D Hines, Michael Milford, Tobias Fischer
2024-03-15 10:53:26,967 INFO     MIT license - https://github.com/AdamDHines/VPRTempoNeuro
2024-03-15 10:53:26,967 INFO     \\\\\\\\\\\\
2024-03-15 10:53:26,967 INFO     
2024-03-15 10:53:26,973 INFO     Current device is CPU
2024-03-15 10:53:26,973 INFO     
2024-03-15 10:53:40,521 INFO     +--------+------+------+------+------+------+------+
|   N    |  1   |  5   |  10  |  15  |  20  |  25  |
+--------+------+------+------+------+------+------+
| Recall | 0.31 | 0.57 | 0.65 | 0.69 | 0.72 | 0.74 |
+--------+------+------+------+------+------+------+
