2024-03-15 11:07:32,589 INFO     
2024-03-15 11:07:32,589 INFO      _   _____________ _____                                _   _
2024-03-15 11:07:32,589 INFO     | | | | ___ \ ___ \_   _|                              | \ | |
2024-03-15 11:07:32,589 INFO     | | | | |_/ / |_/ / | | ___ _ __ ___  _ __   ___ ______|  \| | ___ _   _ _ __ ___
2024-03-15 11:07:32,589 INFO     | | | |  __/|    /  | |/ _ \  _   _ \|  _ \ / _ \______|     |/ _ \ | | |  __/ _ \
2024-03-15 11:07:32,590 INFO     \ \_/ / |   | |\ \  | |  __/ | | | | | |_) | (_) |     | |\  |  __/ |_| | | | (_) |
2024-03-15 11:07:32,590 INFO      \___/\_|   \_| \_| \_/\___|_| |_| |_| .__/ \___/      \_| \_/\___|\__,_|_|  \___/
2024-03-15 11:07:32,590 INFO                                          | |
2024-03-15 11:07:32,590 INFO                                          |_|
2024-03-15 11:07:32,590 INFO     -----------------------------------------------------------------------
2024-03-15 11:07:32,590 INFO     VPRTempoNeuro: Neuromorphic Visual Place Recognition v0.1.0
2024-03-15 11:07:32,590 INFO     Queensland University of Technology, Centre for Robotics
2024-03-15 11:07:32,590 INFO     
2024-03-15 11:07:32,590 INFO     © 2024 Adam D Hines, Michael Milford, Tobias Fischer
2024-03-15 11:07:32,591 INFO     MIT license - https://github.com/AdamDHines/VPRTempoNeuro
2024-03-15 11:07:32,591 INFO     \\\\\\\\\\\\
2024-03-15 11:07:32,591 INFO     
2024-03-15 11:07:32,609 INFO     Current device is NVIDIA GeForce RTX 2080
2024-03-15 11:07:32,610 INFO     
2024-03-15 11:08:30,048 INFO     
2024-03-15 11:08:30,048 INFO      _   _____________ _____                                _   _
2024-03-15 11:08:30,048 INFO     | | | | ___ \ ___ \_   _|                              | \ | |
2024-03-15 11:08:30,049 INFO     | | | | |_/ / |_/ / | | ___ _ __ ___  _ __   ___ ______|  \| | ___ _   _ _ __ ___
2024-03-15 11:08:30,049 INFO     | | | |  __/|    /  | |/ _ \  _   _ \|  _ \ / _ \______|     |/ _ \ | | |  __/ _ \
2024-03-15 11:08:30,049 INFO     \ \_/ / |   | |\ \  | |  __/ | | | | | |_) | (_) |     | |\  |  __/ |_| | | | (_) |
2024-03-15 11:08:30,049 INFO      \___/\_|   \_| \_| \_/\___|_| |_| |_| .__/ \___/      \_| \_/\___|\__,_|_|  \___/
2024-03-15 11:08:30,049 INFO                                          | |
2024-03-15 11:08:30,049 INFO                                          |_|
2024-03-15 11:08:30,049 INFO     -----------------------------------------------------------------------
2024-03-15 11:08:30,049 INFO     VPRTempoNeuro: Neuromorphic Visual Place Recognition v0.1.0
2024-03-15 11:08:30,049 INFO     Queensland University of Technology, Centre for Robotics
2024-03-15 11:08:30,049 INFO     
2024-03-15 11:08:30,049 INFO     © 2024 Adam D Hines, Michael Milford, Tobias Fischer
2024-03-15 11:08:30,050 INFO     MIT license - https://github.com/AdamDHines/VPRTempoNeuro
2024-03-15 11:08:30,050 INFO     \\\\\\\\\\\\
2024-03-15 11:08:30,050 INFO     
2024-03-15 11:08:30,050 INFO     Current device is NVIDIA GeForce RTX 2080
2024-03-15 11:08:30,050 INFO     
2024-03-15 11:08:30,904 INFO     +--------+------+------+------+------+------+------+
|   N    |  1   |  5   |  10  |  15  |  20  |  25  |
+--------+------+------+------+------+------+------+
| Recall | 0.62 | 0.81 | 0.82 | 0.87 | 0.89 | 0.91 |
+--------+------+------+------+------+------+------+
2024-03-15 11:08:50,850 INFO     
2024-03-15 11:08:50,850 INFO      _   _____________ _____                                _   _
2024-03-15 11:08:50,850 INFO     | | | | ___ \ ___ \_   _|                              | \ | |
2024-03-15 11:08:50,850 INFO     | | | | |_/ / |_/ / | | ___ _ __ ___  _ __   ___ ______|  \| | ___ _   _ _ __ ___
2024-03-15 11:08:50,850 INFO     | | | |  __/|    /  | |/ _ \  _   _ \|  _ \ / _ \______|     |/ _ \ | | |  __/ _ \
2024-03-15 11:08:50,850 INFO     \ \_/ / |   | |\ \  | |  __/ | | | | | |_) | (_) |     | |\  |  __/ |_| | | | (_) |
2024-03-15 11:08:50,850 INFO      \___/\_|   \_| \_| \_/\___|_| |_| |_| .__/ \___/      \_| \_/\___|\__,_|_|  \___/
2024-03-15 11:08:50,851 INFO                                          | |
2024-03-15 11:08:50,851 INFO                                          |_|
2024-03-15 11:08:50,851 INFO     -----------------------------------------------------------------------
2024-03-15 11:08:50,851 INFO     VPRTempoNeuro: Neuromorphic Visual Place Recognition v0.1.0
2024-03-15 11:08:50,851 INFO     Queensland University of Technology, Centre for Robotics
2024-03-15 11:08:50,851 INFO     
2024-03-15 11:08:50,851 INFO     © 2024 Adam D Hines, Michael Milford, Tobias Fischer
2024-03-15 11:08:50,851 INFO     MIT license - https://github.com/AdamDHines/VPRTempoNeuro
2024-03-15 11:08:50,851 INFO     \\\\\\\\\\\\
2024-03-15 11:08:50,852 INFO     
2024-03-15 11:08:50,852 INFO     Current device is NVIDIA GeForce RTX 2080
2024-03-15 11:08:50,852 INFO     
2024-03-15 11:09:42,445 INFO     
2024-03-15 11:09:42,445 INFO      _   _____________ _____                                _   _
2024-03-15 11:09:42,446 INFO     | | | | ___ \ ___ \_   _|                              | \ | |
2024-03-15 11:09:42,446 INFO     | | | | |_/ / |_/ / | | ___ _ __ ___  _ __   ___ ______|  \| | ___ _   _ _ __ ___
2024-03-15 11:09:42,446 INFO     | | | |  __/|    /  | |/ _ \  _   _ \|  _ \ / _ \______|     |/ _ \ | | |  __/ _ \
2024-03-15 11:09:42,446 INFO     \ \_/ / |   | |\ \  | |  __/ | | | | | |_) | (_) |     | |\  |  __/ |_| | | | (_) |
2024-03-15 11:09:42,446 INFO      \___/\_|   \_| \_| \_/\___|_| |_| |_| .__/ \___/      \_| \_/\___|\__,_|_|  \___/
2024-03-15 11:09:42,446 INFO                                          | |
2024-03-15 11:09:42,446 INFO                                          |_|
2024-03-15 11:09:42,446 INFO     -----------------------------------------------------------------------
2024-03-15 11:09:42,446 INFO     VPRTempoNeuro: Neuromorphic Visual Place Recognition v0.1.0
2024-03-15 11:09:42,447 INFO     Queensland University of Technology, Centre for Robotics
2024-03-15 11:09:42,447 INFO     
2024-03-15 11:09:42,447 INFO     © 2024 Adam D Hines, Michael Milford, Tobias Fischer
2024-03-15 11:09:42,447 INFO     MIT license - https://github.com/AdamDHines/VPRTempoNeuro
2024-03-15 11:09:42,447 INFO     \\\\\\\\\\\\
2024-03-15 11:09:42,447 INFO     
2024-03-15 11:09:42,447 INFO     Current device is NVIDIA GeForce RTX 2080
2024-03-15 11:09:42,447 INFO     
2024-03-15 11:09:43,243 INFO     +--------+------+------+------+------+------+------+
|   N    |  1   |  5   |  10  |  15  |  20  |  25  |
+--------+------+------+------+------+------+------+
| Recall | 0.54 | 0.82 | 0.88 | 0.92 | 0.93 | 0.94 |
+--------+------+------+------+------+------+------+
2024-03-15 11:09:58,804 INFO     
2024-03-15 11:09:58,804 INFO      _   _____________ _____                                _   _
2024-03-15 11:09:58,805 INFO     | | | | ___ \ ___ \_   _|                              | \ | |
2024-03-15 11:09:58,805 INFO     | | | | |_/ / |_/ / | | ___ _ __ ___  _ __   ___ ______|  \| | ___ _   _ _ __ ___
2024-03-15 11:09:58,805 INFO     | | | |  __/|    /  | |/ _ \  _   _ \|  _ \ / _ \______|     |/ _ \ | | |  __/ _ \
2024-03-15 11:09:58,805 INFO     \ \_/ / |   | |\ \  | |  __/ | | | | | |_) | (_) |     | |\  |  __/ |_| | | | (_) |
2024-03-15 11:09:58,805 INFO      \___/\_|   \_| \_| \_/\___|_| |_| |_| .__/ \___/      \_| \_/\___|\__,_|_|  \___/
2024-03-15 11:09:58,805 INFO                                          | |
2024-03-15 11:09:58,805 INFO                                          |_|
2024-03-15 11:09:58,806 INFO     -----------------------------------------------------------------------
2024-03-15 11:09:58,806 INFO     VPRTempoNeuro: Neuromorphic Visual Place Recognition v0.1.0
2024-03-15 11:09:58,806 INFO     Queensland University of Technology, Centre for Robotics
2024-03-15 11:09:58,806 INFO     
2024-03-15 11:09:58,806 INFO     © 2024 Adam D Hines, Michael Milford, Tobias Fischer
2024-03-15 11:09:58,806 INFO     MIT license - https://github.com/AdamDHines/VPRTempoNeuro
2024-03-15 11:09:58,806 INFO     \\\\\\\\\\\\
2024-03-15 11:09:58,806 INFO     
2024-03-15 11:09:58,806 INFO     Current device is NVIDIA GeForce RTX 2080
2024-03-15 11:09:58,806 INFO     
2024-03-15 11:10:50,293 INFO     
2024-03-15 11:10:50,294 INFO      _   _____________ _____                                _   _
2024-03-15 11:10:50,294 INFO     | | | | ___ \ ___ \_   _|                              | \ | |
2024-03-15 11:10:50,294 INFO     | | | | |_/ / |_/ / | | ___ _ __ ___  _ __   ___ ______|  \| | ___ _   _ _ __ ___
2024-03-15 11:10:50,294 INFO     | | | |  __/|    /  | |/ _ \  _   _ \|  _ \ / _ \______|     |/ _ \ | | |  __/ _ \
2024-03-15 11:10:50,294 INFO     \ \_/ / |   | |\ \  | |  __/ | | | | | |_) | (_) |     | |\  |  __/ |_| | | | (_) |
2024-03-15 11:10:50,294 INFO      \___/\_|   \_| \_| \_/\___|_| |_| |_| .__/ \___/      \_| \_/\___|\__,_|_|  \___/
2024-03-15 11:10:50,294 INFO                                          | |
2024-03-15 11:10:50,295 INFO                                          |_|
2024-03-15 11:10:50,295 INFO     -----------------------------------------------------------------------
2024-03-15 11:10:50,295 INFO     VPRTempoNeuro: Neuromorphic Visual Place Recognition v0.1.0
2024-03-15 11:10:50,295 INFO     Queensland University of Technology, Centre for Robotics
2024-03-15 11:10:50,295 INFO     
2024-03-15 11:10:50,295 INFO     © 2024 Adam D Hines, Michael Milford, Tobias Fischer
2024-03-15 11:10:50,295 INFO     MIT license - https://github.com/AdamDHines/VPRTempoNeuro
2024-03-15 11:10:50,295 INFO     \\\\\\\\\\\\
2024-03-15 11:10:50,295 INFO     
2024-03-15 11:10:50,295 INFO     Current device is NVIDIA GeForce RTX 2080
2024-03-15 11:10:50,295 INFO     
2024-03-15 11:10:51,104 INFO     +--------+------+------+-----+------+------+------+
|   N    |  1   |  5   |  10 |  15  |  20  |  25  |
+--------+------+------+-----+------+------+------+
| Recall | 0.51 | 0.75 | 0.8 | 0.84 | 0.87 | 0.89 |
+--------+------+------+-----+------+------+------+
2024-03-15 11:11:12,972 INFO     
2024-03-15 11:11:12,972 INFO      _   _____________ _____                                _   _
2024-03-15 11:11:12,972 INFO     | | | | ___ \ ___ \_   _|                              | \ | |
2024-03-15 11:11:12,972 INFO     | | | | |_/ / |_/ / | | ___ _ __ ___  _ __   ___ ______|  \| | ___ _   _ _ __ ___
2024-03-15 11:11:12,972 INFO     | | | |  __/|    /  | |/ _ \  _   _ \|  _ \ / _ \______|     |/ _ \ | | |  __/ _ \
2024-03-15 11:11:12,972 INFO     \ \_/ / |   | |\ \  | |  __/ | | | | | |_) | (_) |     | |\  |  __/ |_| | | | (_) |
2024-03-15 11:11:12,972 INFO      \___/\_|   \_| \_| \_/\___|_| |_| |_| .__/ \___/      \_| \_/\___|\__,_|_|  \___/
2024-03-15 11:11:12,973 INFO                                          | |
2024-03-15 11:11:12,973 INFO                                          |_|
2024-03-15 11:11:12,973 INFO     -----------------------------------------------------------------------
2024-03-15 11:11:12,973 INFO     VPRTempoNeuro: Neuromorphic Visual Place Recognition v0.1.0
2024-03-15 11:11:12,973 INFO     Queensland University of Technology, Centre for Robotics
2024-03-15 11:11:12,973 INFO     
2024-03-15 11:11:12,973 INFO     © 2024 Adam D Hines, Michael Milford, Tobias Fischer
2024-03-15 11:11:12,973 INFO     MIT license - https://github.com/AdamDHines/VPRTempoNeuro
2024-03-15 11:11:12,973 INFO     \\\\\\\\\\\\
2024-03-15 11:11:12,973 INFO     
2024-03-15 11:11:12,973 INFO     Current device is NVIDIA GeForce RTX 2080
2024-03-15 11:11:12,973 INFO     
2024-03-15 11:12:03,925 INFO     
2024-03-15 11:12:03,925 INFO      _   _____________ _____                                _   _
2024-03-15 11:12:03,926 INFO     | | | | ___ \ ___ \_   _|                              | \ | |
2024-03-15 11:12:03,926 INFO     | | | | |_/ / |_/ / | | ___ _ __ ___  _ __   ___ ______|  \| | ___ _   _ _ __ ___
2024-03-15 11:12:03,926 INFO     | | | |  __/|    /  | |/ _ \  _   _ \|  _ \ / _ \______|     |/ _ \ | | |  __/ _ \
2024-03-15 11:12:03,926 INFO     \ \_/ / |   | |\ \  | |  __/ | | | | | |_) | (_) |     | |\  |  __/ |_| | | | (_) |
2024-03-15 11:12:03,926 INFO      \___/\_|   \_| \_| \_/\___|_| |_| |_| .__/ \___/      \_| \_/\___|\__,_|_|  \___/
2024-03-15 11:12:03,926 INFO                                          | |
2024-03-15 11:12:03,926 INFO                                          |_|
2024-03-15 11:12:03,927 INFO     -----------------------------------------------------------------------
2024-03-15 11:12:03,927 INFO     VPRTempoNeuro: Neuromorphic Visual Place Recognition v0.1.0
2024-03-15 11:12:03,927 INFO     Queensland University of Technology, Centre for Robotics
2024-03-15 11:12:03,927 INFO     
2024-03-15 11:12:03,927 INFO     © 2024 Adam D Hines, Michael Milford, Tobias Fischer
2024-03-15 11:12:03,927 INFO     MIT license - https://github.com/AdamDHines/VPRTempoNeuro
2024-03-15 11:12:03,927 INFO     \\\\\\\\\\\\
2024-03-15 11:12:03,927 INFO     
2024-03-15 11:12:03,927 INFO     Current device is NVIDIA GeForce RTX 2080
2024-03-15 11:12:03,927 INFO     
2024-03-15 11:12:04,764 INFO     +--------+------+------+------+------+------+------+
|   N    |  1   |  5   |  10  |  15  |  20  |  25  |
+--------+------+------+------+------+------+------+
| Recall | 0.47 | 0.76 | 0.83 | 0.85 | 0.87 | 0.89 |
+--------+------+------+------+------+------+------+
2024-03-15 11:12:16,003 INFO     
2024-03-15 11:12:16,003 INFO      _   _____________ _____                                _   _
2024-03-15 11:12:16,003 INFO     | | | | ___ \ ___ \_   _|                              | \ | |
2024-03-15 11:12:16,003 INFO     | | | | |_/ / |_/ / | | ___ _ __ ___  _ __   ___ ______|  \| | ___ _   _ _ __ ___
2024-03-15 11:12:16,003 INFO     | | | |  __/|    /  | |/ _ \  _   _ \|  _ \ / _ \______|     |/ _ \ | | |  __/ _ \
2024-03-15 11:12:16,003 INFO     \ \_/ / |   | |\ \  | |  __/ | | | | | |_) | (_) |     | |\  |  __/ |_| | | | (_) |
2024-03-15 11:12:16,003 INFO      \___/\_|   \_| \_| \_/\___|_| |_| |_| .__/ \___/      \_| \_/\___|\__,_|_|  \___/
2024-03-15 11:12:16,003 INFO                                          | |
2024-03-15 11:12:16,003 INFO                                          |_|
2024-03-15 11:12:16,004 INFO     -----------------------------------------------------------------------
2024-03-15 11:12:16,004 INFO     VPRTempoNeuro: Neuromorphic Visual Place Recognition v0.1.0
2024-03-15 11:12:16,004 INFO     Queensland University of Technology, Centre for Robotics
2024-03-15 11:12:16,004 INFO     
2024-03-15 11:12:16,004 INFO     © 2024 Adam D Hines, Michael Milford, Tobias Fischer
2024-03-15 11:12:16,004 INFO     MIT license - https://github.com/AdamDHines/VPRTempoNeuro
2024-03-15 11:12:16,004 INFO     \\\\\\\\\\\\
2024-03-15 11:12:16,004 INFO     
2024-03-15 11:12:16,004 INFO     Current device is NVIDIA GeForce RTX 2080
2024-03-15 11:12:16,005 INFO     
2024-03-15 11:13:06,199 INFO     
2024-03-15 11:13:06,200 INFO      _   _____________ _____                                _   _
2024-03-15 11:13:06,200 INFO     | | | | ___ \ ___ \_   _|                              | \ | |
2024-03-15 11:13:06,200 INFO     | | | | |_/ / |_/ / | | ___ _ __ ___  _ __   ___ ______|  \| | ___ _   _ _ __ ___
2024-03-15 11:13:06,200 INFO     | | | |  __/|    /  | |/ _ \  _   _ \|  _ \ / _ \______|     |/ _ \ | | |  __/ _ \
2024-03-15 11:13:06,200 INFO     \ \_/ / |   | |\ \  | |  __/ | | | | | |_) | (_) |     | |\  |  __/ |_| | | | (_) |
2024-03-15 11:13:06,200 INFO      \___/\_|   \_| \_| \_/\___|_| |_| |_| .__/ \___/      \_| \_/\___|\__,_|_|  \___/
2024-03-15 11:13:06,200 INFO                                          | |
2024-03-15 11:13:06,201 INFO                                          |_|
2024-03-15 11:13:06,201 INFO     -----------------------------------------------------------------------
2024-03-15 11:13:06,201 INFO     VPRTempoNeuro: Neuromorphic Visual Place Recognition v0.1.0
2024-03-15 11:13:06,201 INFO     Queensland University of Technology, Centre for Robotics
2024-03-15 11:13:06,201 INFO     
2024-03-15 11:13:06,201 INFO     © 2024 Adam D Hines, Michael Milford, Tobias Fischer
2024-03-15 11:13:06,201 INFO     MIT license - https://github.com/AdamDHines/VPRTempoNeuro
2024-03-15 11:13:06,201 INFO     \\\\\\\\\\\\
2024-03-15 11:13:06,201 INFO     
2024-03-15 11:13:06,201 INFO     Current device is NVIDIA GeForce RTX 2080
2024-03-15 11:13:06,201 INFO     
2024-03-15 11:13:07,024 INFO     +--------+------+------+------+------+------+-----+
|   N    |  1   |  5   |  10  |  15  |  20  |  25 |
+--------+------+------+------+------+------+-----+
| Recall | 0.55 | 0.78 | 0.83 | 0.86 | 0.88 | 0.9 |
+--------+------+------+------+------+------+-----+
2024-03-15 11:13:19,462 INFO     
2024-03-15 11:13:19,463 INFO      _   _____________ _____                                _   _
2024-03-15 11:13:19,463 INFO     | | | | ___ \ ___ \_   _|                              | \ | |
2024-03-15 11:13:19,463 INFO     | | | | |_/ / |_/ / | | ___ _ __ ___  _ __   ___ ______|  \| | ___ _   _ _ __ ___
2024-03-15 11:13:19,463 INFO     | | | |  __/|    /  | |/ _ \  _   _ \|  _ \ / _ \______|     |/ _ \ | | |  __/ _ \
2024-03-15 11:13:19,463 INFO     \ \_/ / |   | |\ \  | |  __/ | | | | | |_) | (_) |     | |\  |  __/ |_| | | | (_) |
2024-03-15 11:13:19,463 INFO      \___/\_|   \_| \_| \_/\___|_| |_| |_| .__/ \___/      \_| \_/\___|\__,_|_|  \___/
2024-03-15 11:13:19,463 INFO                                          | |
2024-03-15 11:13:19,463 INFO                                          |_|
2024-03-15 11:13:19,464 INFO     -----------------------------------------------------------------------
2024-03-15 11:13:19,464 INFO     VPRTempoNeuro: Neuromorphic Visual Place Recognition v0.1.0
2024-03-15 11:13:19,464 INFO     Queensland University of Technology, Centre for Robotics
2024-03-15 11:13:19,464 INFO     
2024-03-15 11:13:19,464 INFO     © 2024 Adam D Hines, Michael Milford, Tobias Fischer
2024-03-15 11:13:19,464 INFO     MIT license - https://github.com/AdamDHines/VPRTempoNeuro
2024-03-15 11:13:19,464 INFO     \\\\\\\\\\\\
2024-03-15 11:13:19,464 INFO     
2024-03-15 11:13:19,465 INFO     Current device is NVIDIA GeForce RTX 2080
2024-03-15 11:13:19,465 INFO     
2024-03-15 11:14:08,863 INFO     
2024-03-15 11:14:08,863 INFO      _   _____________ _____                                _   _
2024-03-15 11:14:08,863 INFO     | | | | ___ \ ___ \_   _|                              | \ | |
2024-03-15 11:14:08,864 INFO     | | | | |_/ / |_/ / | | ___ _ __ ___  _ __   ___ ______|  \| | ___ _   _ _ __ ___
2024-03-15 11:14:08,864 INFO     | | | |  __/|    /  | |/ _ \  _   _ \|  _ \ / _ \______|     |/ _ \ | | |  __/ _ \
2024-03-15 11:14:08,864 INFO     \ \_/ / |   | |\ \  | |  __/ | | | | | |_) | (_) |     | |\  |  __/ |_| | | | (_) |
2024-03-15 11:14:08,864 INFO      \___/\_|   \_| \_| \_/\___|_| |_| |_| .__/ \___/      \_| \_/\___|\__,_|_|  \___/
2024-03-15 11:14:08,864 INFO                                          | |
2024-03-15 11:14:08,864 INFO                                          |_|
2024-03-15 11:14:08,864 INFO     -----------------------------------------------------------------------
2024-03-15 11:14:08,864 INFO     VPRTempoNeuro: Neuromorphic Visual Place Recognition v0.1.0
2024-03-15 11:14:08,864 INFO     Queensland University of Technology, Centre for Robotics
2024-03-15 11:14:08,865 INFO     
2024-03-15 11:14:08,865 INFO     © 2024 Adam D Hines, Michael Milford, Tobias Fischer
2024-03-15 11:14:08,865 INFO     MIT license - https://github.com/AdamDHines/VPRTempoNeuro
2024-03-15 11:14:08,865 INFO     \\\\\\\\\\\\
2024-03-15 11:14:08,865 INFO     
2024-03-15 11:14:08,865 INFO     Current device is NVIDIA GeForce RTX 2080
2024-03-15 11:14:08,865 INFO     
2024-03-15 11:14:09,648 INFO     +--------+------+------+------+------+------+------+
|   N    |  1   |  5   |  10  |  15  |  20  |  25  |
+--------+------+------+------+------+------+------+
| Recall | 0.54 | 0.79 | 0.87 | 0.91 | 0.94 | 0.96 |
+--------+------+------+------+------+------+------+
2024-03-15 11:14:23,487 INFO     
2024-03-15 11:14:23,487 INFO      _   _____________ _____                                _   _
2024-03-15 11:14:23,487 INFO     | | | | ___ \ ___ \_   _|                              | \ | |
2024-03-15 11:14:23,487 INFO     | | | | |_/ / |_/ / | | ___ _ __ ___  _ __   ___ ______|  \| | ___ _   _ _ __ ___
2024-03-15 11:14:23,487 INFO     | | | |  __/|    /  | |/ _ \  _   _ \|  _ \ / _ \______|     |/ _ \ | | |  __/ _ \
2024-03-15 11:14:23,487 INFO     \ \_/ / |   | |\ \  | |  __/ | | | | | |_) | (_) |     | |\  |  __/ |_| | | | (_) |
2024-03-15 11:14:23,487 INFO      \___/\_|   \_| \_| \_/\___|_| |_| |_| .__/ \___/      \_| \_/\___|\__,_|_|  \___/
2024-03-15 11:14:23,487 INFO                                          | |
2024-03-15 11:14:23,487 INFO                                          |_|
2024-03-15 11:14:23,487 INFO     -----------------------------------------------------------------------
2024-03-15 11:14:23,488 INFO     VPRTempoNeuro: Neuromorphic Visual Place Recognition v0.1.0
2024-03-15 11:14:23,488 INFO     Queensland University of Technology, Centre for Robotics
2024-03-15 11:14:23,488 INFO     
2024-03-15 11:14:23,488 INFO     © 2024 Adam D Hines, Michael Milford, Tobias Fischer
2024-03-15 11:14:23,488 INFO     MIT license - https://github.com/AdamDHines/VPRTempoNeuro
2024-03-15 11:14:23,488 INFO     \\\\\\\\\\\\
2024-03-15 11:14:23,488 INFO     
2024-03-15 11:14:23,488 INFO     Current device is NVIDIA GeForce RTX 2080
2024-03-15 11:14:23,488 INFO     
2024-03-15 11:15:16,525 INFO     
2024-03-15 11:15:16,525 INFO      _   _____________ _____                                _   _
2024-03-15 11:15:16,525 INFO     | | | | ___ \ ___ \_   _|                              | \ | |
2024-03-15 11:15:16,525 INFO     | | | | |_/ / |_/ / | | ___ _ __ ___  _ __   ___ ______|  \| | ___ _   _ _ __ ___
2024-03-15 11:15:16,525 INFO     | | | |  __/|    /  | |/ _ \  _   _ \|  _ \ / _ \______|     |/ _ \ | | |  __/ _ \
2024-03-15 11:15:16,525 INFO     \ \_/ / |   | |\ \  | |  __/ | | | | | |_) | (_) |     | |\  |  __/ |_| | | | (_) |
2024-03-15 11:15:16,525 INFO      \___/\_|   \_| \_| \_/\___|_| |_| |_| .__/ \___/      \_| \_/\___|\__,_|_|  \___/
2024-03-15 11:15:16,525 INFO                                          | |
2024-03-15 11:15:16,525 INFO                                          |_|
2024-03-15 11:15:16,525 INFO     -----------------------------------------------------------------------
2024-03-15 11:15:16,526 INFO     VPRTempoNeuro: Neuromorphic Visual Place Recognition v0.1.0
2024-03-15 11:15:16,526 INFO     Queensland University of Technology, Centre for Robotics
2024-03-15 11:15:16,526 INFO     
2024-03-15 11:15:16,526 INFO     © 2024 Adam D Hines, Michael Milford, Tobias Fischer
2024-03-15 11:15:16,526 INFO     MIT license - https://github.com/AdamDHines/VPRTempoNeuro
2024-03-15 11:15:16,526 INFO     \\\\\\\\\\\\
2024-03-15 11:15:16,526 INFO     
2024-03-15 11:15:16,526 INFO     Current device is NVIDIA GeForce RTX 2080
2024-03-15 11:15:16,526 INFO     
2024-03-15 11:15:17,350 INFO     +--------+------+------+------+------+------+------+
|   N    |  1   |  5   |  10  |  15  |  20  |  25  |
+--------+------+------+------+------+------+------+
| Recall | 0.47 | 0.73 | 0.79 | 0.83 | 0.84 | 0.86 |
+--------+------+------+------+------+------+------+
2024-03-15 11:15:31,903 INFO     
2024-03-15 11:15:31,903 INFO      _   _____________ _____                                _   _
2024-03-15 11:15:31,903 INFO     | | | | ___ \ ___ \_   _|                              | \ | |
2024-03-15 11:15:31,903 INFO     | | | | |_/ / |_/ / | | ___ _ __ ___  _ __   ___ ______|  \| | ___ _   _ _ __ ___
2024-03-15 11:15:31,903 INFO     | | | |  __/|    /  | |/ _ \  _   _ \|  _ \ / _ \______|     |/ _ \ | | |  __/ _ \
2024-03-15 11:15:31,904 INFO     \ \_/ / |   | |\ \  | |  __/ | | | | | |_) | (_) |     | |\  |  __/ |_| | | | (_) |
2024-03-15 11:15:31,904 INFO      \___/\_|   \_| \_| \_/\___|_| |_| |_| .__/ \___/      \_| \_/\___|\__,_|_|  \___/
2024-03-15 11:15:31,904 INFO                                          | |
2024-03-15 11:15:31,904 INFO                                          |_|
2024-03-15 11:15:31,904 INFO     -----------------------------------------------------------------------
2024-03-15 11:15:31,904 INFO     VPRTempoNeuro: Neuromorphic Visual Place Recognition v0.1.0
2024-03-15 11:15:31,904 INFO     Queensland University of Technology, Centre for Robotics
2024-03-15 11:15:31,904 INFO     
2024-03-15 11:15:31,904 INFO     © 2024 Adam D Hines, Michael Milford, Tobias Fischer
2024-03-15 11:15:31,905 INFO     MIT license - https://github.com/AdamDHines/VPRTempoNeuro
2024-03-15 11:15:31,905 INFO     \\\\\\\\\\\\
2024-03-15 11:15:31,905 INFO     
2024-03-15 11:15:31,905 INFO     Current device is NVIDIA GeForce RTX 2080
2024-03-15 11:15:31,905 INFO     
2024-03-15 11:16:23,581 INFO     
2024-03-15 11:16:23,582 INFO      _   _____________ _____                                _   _
2024-03-15 11:16:23,582 INFO     | | | | ___ \ ___ \_   _|                              | \ | |
2024-03-15 11:16:23,582 INFO     | | | | |_/ / |_/ / | | ___ _ __ ___  _ __   ___ ______|  \| | ___ _   _ _ __ ___
2024-03-15 11:16:23,582 INFO     | | | |  __/|    /  | |/ _ \  _   _ \|  _ \ / _ \______|     |/ _ \ | | |  __/ _ \
2024-03-15 11:16:23,582 INFO     \ \_/ / |   | |\ \  | |  __/ | | | | | |_) | (_) |     | |\  |  __/ |_| | | | (_) |
2024-03-15 11:16:23,582 INFO      \___/\_|   \_| \_| \_/\___|_| |_| |_| .__/ \___/      \_| \_/\___|\__,_|_|  \___/
2024-03-15 11:16:23,582 INFO                                          | |
2024-03-15 11:16:23,582 INFO                                          |_|
2024-03-15 11:16:23,582 INFO     -----------------------------------------------------------------------
2024-03-15 11:16:23,582 INFO     VPRTempoNeuro: Neuromorphic Visual Place Recognition v0.1.0
2024-03-15 11:16:23,582 INFO     Queensland University of Technology, Centre for Robotics
2024-03-15 11:16:23,583 INFO     
2024-03-15 11:16:23,583 INFO     © 2024 Adam D Hines, Michael Milford, Tobias Fischer
2024-03-15 11:16:23,583 INFO     MIT license - https://github.com/AdamDHines/VPRTempoNeuro
2024-03-15 11:16:23,583 INFO     \\\\\\\\\\\\
2024-03-15 11:16:23,583 INFO     
2024-03-15 11:16:23,583 INFO     Current device is NVIDIA GeForce RTX 2080
2024-03-15 11:16:23,583 INFO     
2024-03-15 11:16:24,370 INFO     +--------+-----+------+------+------+-----+------+
|   N    |  1  |  5   |  10  |  15  |  20 |  25  |
+--------+-----+------+------+------+-----+------+
| Recall | 0.5 | 0.78 | 0.84 | 0.88 | 0.9 | 0.92 |
+--------+-----+------+------+------+-----+------+
2024-03-15 11:16:39,968 INFO     
2024-03-15 11:16:39,968 INFO      _   _____________ _____                                _   _
2024-03-15 11:16:39,968 INFO     | | | | ___ \ ___ \_   _|                              | \ | |
2024-03-15 11:16:39,968 INFO     | | | | |_/ / |_/ / | | ___ _ __ ___  _ __   ___ ______|  \| | ___ _   _ _ __ ___
2024-03-15 11:16:39,968 INFO     | | | |  __/|    /  | |/ _ \  _   _ \|  _ \ / _ \______|     |/ _ \ | | |  __/ _ \
2024-03-15 11:16:39,968 INFO     \ \_/ / |   | |\ \  | |  __/ | | | | | |_) | (_) |     | |\  |  __/ |_| | | | (_) |
2024-03-15 11:16:39,968 INFO      \___/\_|   \_| \_| \_/\___|_| |_| |_| .__/ \___/      \_| \_/\___|\__,_|_|  \___/
2024-03-15 11:16:39,968 INFO                                          | |
2024-03-15 11:16:39,969 INFO                                          |_|
2024-03-15 11:16:39,969 INFO     -----------------------------------------------------------------------
2024-03-15 11:16:39,969 INFO     VPRTempoNeuro: Neuromorphic Visual Place Recognition v0.1.0
2024-03-15 11:16:39,969 INFO     Queensland University of Technology, Centre for Robotics
2024-03-15 11:16:39,969 INFO     
2024-03-15 11:16:39,969 INFO     © 2024 Adam D Hines, Michael Milford, Tobias Fischer
2024-03-15 11:16:39,969 INFO     MIT license - https://github.com/AdamDHines/VPRTempoNeuro
2024-03-15 11:16:39,969 INFO     \\\\\\\\\\\\
2024-03-15 11:16:39,969 INFO     
2024-03-15 11:16:39,969 INFO     Current device is NVIDIA GeForce RTX 2080
2024-03-15 11:16:39,969 INFO     
2024-03-15 11:17:31,165 INFO     
2024-03-15 11:17:31,165 INFO      _   _____________ _____                                _   _
2024-03-15 11:17:31,165 INFO     | | | | ___ \ ___ \_   _|                              | \ | |
2024-03-15 11:17:31,165 INFO     | | | | |_/ / |_/ / | | ___ _ __ ___  _ __   ___ ______|  \| | ___ _   _ _ __ ___
2024-03-15 11:17:31,165 INFO     | | | |  __/|    /  | |/ _ \  _   _ \|  _ \ / _ \______|     |/ _ \ | | |  __/ _ \
2024-03-15 11:17:31,165 INFO     \ \_/ / |   | |\ \  | |  __/ | | | | | |_) | (_) |     | |\  |  __/ |_| | | | (_) |
2024-03-15 11:17:31,165 INFO      \___/\_|   \_| \_| \_/\___|_| |_| |_| .__/ \___/      \_| \_/\___|\__,_|_|  \___/
2024-03-15 11:17:31,166 INFO                                          | |
2024-03-15 11:17:31,166 INFO                                          |_|
2024-03-15 11:17:31,166 INFO     -----------------------------------------------------------------------
2024-03-15 11:17:31,166 INFO     VPRTempoNeuro: Neuromorphic Visual Place Recognition v0.1.0
2024-03-15 11:17:31,166 INFO     Queensland University of Technology, Centre for Robotics
2024-03-15 11:17:31,166 INFO     
2024-03-15 11:17:31,166 INFO     © 2024 Adam D Hines, Michael Milford, Tobias Fischer
2024-03-15 11:17:31,166 INFO     MIT license - https://github.com/AdamDHines/VPRTempoNeuro
2024-03-15 11:17:31,167 INFO     \\\\\\\\\\\\
2024-03-15 11:17:31,167 INFO     
2024-03-15 11:17:31,167 INFO     Current device is NVIDIA GeForce RTX 2080
2024-03-15 11:17:31,167 INFO     
2024-03-15 11:17:31,916 INFO     +--------+------+------+------+------+------+------+
|   N    |  1   |  5   |  10  |  15  |  20  |  25  |
+--------+------+------+------+------+------+------+
| Recall | 0.59 | 0.83 | 0.89 | 0.91 | 0.92 | 0.94 |
+--------+------+------+------+------+------+------+
2024-03-15 11:17:48,452 INFO     
2024-03-15 11:17:48,453 INFO      _   _____________ _____                                _   _
2024-03-15 11:17:48,453 INFO     | | | | ___ \ ___ \_   _|                              | \ | |
2024-03-15 11:17:48,453 INFO     | | | | |_/ / |_/ / | | ___ _ __ ___  _ __   ___ ______|  \| | ___ _   _ _ __ ___
2024-03-15 11:17:48,453 INFO     | | | |  __/|    /  | |/ _ \  _   _ \|  _ \ / _ \______|     |/ _ \ | | |  __/ _ \
2024-03-15 11:17:48,453 INFO     \ \_/ / |   | |\ \  | |  __/ | | | | | |_) | (_) |     | |\  |  __/ |_| | | | (_) |
2024-03-15 11:17:48,453 INFO      \___/\_|   \_| \_| \_/\___|_| |_| |_| .__/ \___/      \_| \_/\___|\__,_|_|  \___/
2024-03-15 11:17:48,453 INFO                                          | |
2024-03-15 11:17:48,453 INFO                                          |_|
2024-03-15 11:17:48,453 INFO     -----------------------------------------------------------------------
2024-03-15 11:17:48,453 INFO     VPRTempoNeuro: Neuromorphic Visual Place Recognition v0.1.0
2024-03-15 11:17:48,454 INFO     Queensland University of Technology, Centre for Robotics
2024-03-15 11:17:48,456 INFO     
2024-03-15 11:17:48,456 INFO     © 2024 Adam D Hines, Michael Milford, Tobias Fischer
2024-03-15 11:17:48,456 INFO     MIT license - https://github.com/AdamDHines/VPRTempoNeuro
2024-03-15 11:17:48,456 INFO     \\\\\\\\\\\\
2024-03-15 11:17:48,456 INFO     
2024-03-15 11:17:48,457 INFO     Current device is NVIDIA GeForce RTX 2080
2024-03-15 11:17:48,457 INFO     
2024-03-15 11:18:38,020 INFO     
2024-03-15 11:18:38,020 INFO      _   _____________ _____                                _   _
2024-03-15 11:18:38,020 INFO     | | | | ___ \ ___ \_   _|                              | \ | |
2024-03-15 11:18:38,020 INFO     | | | | |_/ / |_/ / | | ___ _ __ ___  _ __   ___ ______|  \| | ___ _   _ _ __ ___
2024-03-15 11:18:38,020 INFO     | | | |  __/|    /  | |/ _ \  _   _ \|  _ \ / _ \______|     |/ _ \ | | |  __/ _ \
2024-03-15 11:18:38,021 INFO     \ \_/ / |   | |\ \  | |  __/ | | | | | |_) | (_) |     | |\  |  __/ |_| | | | (_) |
2024-03-15 11:18:38,021 INFO      \___/\_|   \_| \_| \_/\___|_| |_| |_| .__/ \___/      \_| \_/\___|\__,_|_|  \___/
2024-03-15 11:18:38,021 INFO                                          | |
2024-03-15 11:18:38,021 INFO                                          |_|
2024-03-15 11:18:38,021 INFO     -----------------------------------------------------------------------
2024-03-15 11:18:38,021 INFO     VPRTempoNeuro: Neuromorphic Visual Place Recognition v0.1.0
2024-03-15 11:18:38,021 INFO     Queensland University of Technology, Centre for Robotics
2024-03-15 11:18:38,021 INFO     
2024-03-15 11:18:38,021 INFO     © 2024 Adam D Hines, Michael Milford, Tobias Fischer
2024-03-15 11:18:38,021 INFO     MIT license - https://github.com/AdamDHines/VPRTempoNeuro
2024-03-15 11:18:38,021 INFO     \\\\\\\\\\\\
2024-03-15 11:18:38,022 INFO     
2024-03-15 11:18:38,022 INFO     Current device is NVIDIA GeForce RTX 2080
2024-03-15 11:18:38,022 INFO     
2024-03-15 11:18:38,852 INFO     +--------+------+------+------+------+------+------+
|   N    |  1   |  5   |  10  |  15  |  20  |  25  |
+--------+------+------+------+------+------+------+
| Recall | 0.56 | 0.78 | 0.84 | 0.87 | 0.88 | 0.89 |
+--------+------+------+------+------+------+------+
2024-03-15 11:18:55,192 INFO     
2024-03-15 11:18:55,192 INFO      _   _____________ _____                                _   _
2024-03-15 11:18:55,192 INFO     | | | | ___ \ ___ \_   _|                              | \ | |
2024-03-15 11:18:55,192 INFO     | | | | |_/ / |_/ / | | ___ _ __ ___  _ __   ___ ______|  \| | ___ _   _ _ __ ___
2024-03-15 11:18:55,192 INFO     | | | |  __/|    /  | |/ _ \  _   _ \|  _ \ / _ \______|     |/ _ \ | | |  __/ _ \
2024-03-15 11:18:55,192 INFO     \ \_/ / |   | |\ \  | |  __/ | | | | | |_) | (_) |     | |\  |  __/ |_| | | | (_) |
2024-03-15 11:18:55,192 INFO      \___/\_|   \_| \_| \_/\___|_| |_| |_| .__/ \___/      \_| \_/\___|\__,_|_|  \___/
2024-03-15 11:18:55,192 INFO                                          | |
2024-03-15 11:18:55,192 INFO                                          |_|
2024-03-15 11:18:55,192 INFO     -----------------------------------------------------------------------
2024-03-15 11:18:55,192 INFO     VPRTempoNeuro: Neuromorphic Visual Place Recognition v0.1.0
2024-03-15 11:18:55,193 INFO     Queensland University of Technology, Centre for Robotics
2024-03-15 11:18:55,193 INFO     
2024-03-15 11:18:55,193 INFO     © 2024 Adam D Hines, Michael Milford, Tobias Fischer
2024-03-15 11:18:55,193 INFO     MIT license - https://github.com/AdamDHines/VPRTempoNeuro
2024-03-15 11:18:55,193 INFO     \\\\\\\\\\\\
2024-03-15 11:18:55,193 INFO     
2024-03-15 11:18:55,193 INFO     Current device is NVIDIA GeForce RTX 2080
2024-03-15 11:18:55,193 INFO     
2024-03-15 11:19:49,085 INFO     
2024-03-15 11:19:49,085 INFO      _   _____________ _____                                _   _
2024-03-15 11:19:49,085 INFO     | | | | ___ \ ___ \_   _|                              | \ | |
2024-03-15 11:19:49,086 INFO     | | | | |_/ / |_/ / | | ___ _ __ ___  _ __   ___ ______|  \| | ___ _   _ _ __ ___
2024-03-15 11:19:49,086 INFO     | | | |  __/|    /  | |/ _ \  _   _ \|  _ \ / _ \______|     |/ _ \ | | |  __/ _ \
2024-03-15 11:19:49,086 INFO     \ \_/ / |   | |\ \  | |  __/ | | | | | |_) | (_) |     | |\  |  __/ |_| | | | (_) |
2024-03-15 11:19:49,086 INFO      \___/\_|   \_| \_| \_/\___|_| |_| |_| .__/ \___/      \_| \_/\___|\__,_|_|  \___/
2024-03-15 11:19:49,086 INFO                                          | |
2024-03-15 11:19:49,086 INFO                                          |_|
2024-03-15 11:19:49,086 INFO     -----------------------------------------------------------------------
2024-03-15 11:19:49,086 INFO     VPRTempoNeuro: Neuromorphic Visual Place Recognition v0.1.0
2024-03-15 11:19:49,086 INFO     Queensland University of Technology, Centre for Robotics
2024-03-15 11:19:49,087 INFO     
2024-03-15 11:19:49,087 INFO     © 2024 Adam D Hines, Michael Milford, Tobias Fischer
2024-03-15 11:19:49,087 INFO     MIT license - https://github.com/AdamDHines/VPRTempoNeuro
2024-03-15 11:19:49,087 INFO     \\\\\\\\\\\\
2024-03-15 11:19:49,087 INFO     
2024-03-15 11:19:49,087 INFO     Current device is NVIDIA GeForce RTX 2080
2024-03-15 11:19:49,087 INFO     
2024-03-15 11:19:49,917 INFO     +--------+------+-----+-----+------+------+------+
|   N    |  1   |  5  |  10 |  15  |  20  |  25  |
+--------+------+-----+-----+------+------+------+
| Recall | 0.44 | 0.7 | 0.8 | 0.86 | 0.89 | 0.91 |
+--------+------+-----+-----+------+------+------+
2024-03-15 11:20:03,973 INFO     
2024-03-15 11:20:03,974 INFO      _   _____________ _____                                _   _
2024-03-15 11:20:03,974 INFO     | | | | ___ \ ___ \_   _|                              | \ | |
2024-03-15 11:20:03,974 INFO     | | | | |_/ / |_/ / | | ___ _ __ ___  _ __   ___ ______|  \| | ___ _   _ _ __ ___
2024-03-15 11:20:03,974 INFO     | | | |  __/|    /  | |/ _ \  _   _ \|  _ \ / _ \______|     |/ _ \ | | |  __/ _ \
2024-03-15 11:20:03,974 INFO     \ \_/ / |   | |\ \  | |  __/ | | | | | |_) | (_) |     | |\  |  __/ |_| | | | (_) |
2024-03-15 11:20:03,974 INFO      \___/\_|   \_| \_| \_/\___|_| |_| |_| .__/ \___/      \_| \_/\___|\__,_|_|  \___/
2024-03-15 11:20:03,974 INFO                                          | |
2024-03-15 11:20:03,974 INFO                                          |_|
2024-03-15 11:20:03,974 INFO     -----------------------------------------------------------------------
2024-03-15 11:20:03,974 INFO     VPRTempoNeuro: Neuromorphic Visual Place Recognition v0.1.0
2024-03-15 11:20:03,974 INFO     Queensland University of Technology, Centre for Robotics
2024-03-15 11:20:03,975 INFO     
2024-03-15 11:20:03,975 INFO     © 2024 Adam D Hines, Michael Milford, Tobias Fischer
2024-03-15 11:20:03,975 INFO     MIT license - https://github.com/AdamDHines/VPRTempoNeuro
2024-03-15 11:20:03,975 INFO     \\\\\\\\\\\\
2024-03-15 11:20:03,975 INFO     
2024-03-15 11:20:03,975 INFO     Current device is NVIDIA GeForce RTX 2080
2024-03-15 11:20:03,975 INFO     
2024-03-15 11:20:55,990 INFO     
2024-03-15 11:20:55,990 INFO      _   _____________ _____                                _   _
2024-03-15 11:20:55,990 INFO     | | | | ___ \ ___ \_   _|                              | \ | |
2024-03-15 11:20:55,990 INFO     | | | | |_/ / |_/ / | | ___ _ __ ___  _ __   ___ ______|  \| | ___ _   _ _ __ ___
2024-03-15 11:20:55,990 INFO     | | | |  __/|    /  | |/ _ \  _   _ \|  _ \ / _ \______|     |/ _ \ | | |  __/ _ \
2024-03-15 11:20:55,991 INFO     \ \_/ / |   | |\ \  | |  __/ | | | | | |_) | (_) |     | |\  |  __/ |_| | | | (_) |
2024-03-15 11:20:55,991 INFO      \___/\_|   \_| \_| \_/\___|_| |_| |_| .__/ \___/      \_| \_/\___|\__,_|_|  \___/
2024-03-15 11:20:55,991 INFO                                          | |
2024-03-15 11:20:55,991 INFO                                          |_|
2024-03-15 11:20:55,991 INFO     -----------------------------------------------------------------------
2024-03-15 11:20:55,991 INFO     VPRTempoNeuro: Neuromorphic Visual Place Recognition v0.1.0
2024-03-15 11:20:55,991 INFO     Queensland University of Technology, Centre for Robotics
2024-03-15 11:20:55,991 INFO     
2024-03-15 11:20:55,992 INFO     © 2024 Adam D Hines, Michael Milford, Tobias Fischer
2024-03-15 11:20:55,992 INFO     MIT license - https://github.com/AdamDHines/VPRTempoNeuro
2024-03-15 11:20:55,992 INFO     \\\\\\\\\\\\
2024-03-15 11:20:55,992 INFO     
2024-03-15 11:20:55,992 INFO     Current device is NVIDIA GeForce RTX 2080
2024-03-15 11:20:55,992 INFO     
2024-03-15 11:20:56,803 INFO     +--------+------+------+------+------+------+-----+
|   N    |  1   |  5   |  10  |  15  |  20  |  25 |
+--------+------+------+------+------+------+-----+
| Recall | 0.56 | 0.79 | 0.84 | 0.86 | 0.89 | 0.9 |
+--------+------+------+------+------+------+-----+
2024-03-15 11:21:12,276 INFO     
2024-03-15 11:21:12,276 INFO      _   _____________ _____                                _   _
2024-03-15 11:21:12,276 INFO     | | | | ___ \ ___ \_   _|                              | \ | |
2024-03-15 11:21:12,277 INFO     | | | | |_/ / |_/ / | | ___ _ __ ___  _ __   ___ ______|  \| | ___ _   _ _ __ ___
2024-03-15 11:21:12,277 INFO     | | | |  __/|    /  | |/ _ \  _   _ \|  _ \ / _ \______|     |/ _ \ | | |  __/ _ \
2024-03-15 11:21:12,277 INFO     \ \_/ / |   | |\ \  | |  __/ | | | | | |_) | (_) |     | |\  |  __/ |_| | | | (_) |
2024-03-15 11:21:12,277 INFO      \___/\_|   \_| \_| \_/\___|_| |_| |_| .__/ \___/      \_| \_/\___|\__,_|_|  \___/
2024-03-15 11:21:12,277 INFO                                          | |
2024-03-15 11:21:12,277 INFO                                          |_|
2024-03-15 11:21:12,277 INFO     -----------------------------------------------------------------------
2024-03-15 11:21:12,277 INFO     VPRTempoNeuro: Neuromorphic Visual Place Recognition v0.1.0
2024-03-15 11:21:12,277 INFO     Queensland University of Technology, Centre for Robotics
2024-03-15 11:21:12,277 INFO     
2024-03-15 11:21:12,277 INFO     © 2024 Adam D Hines, Michael Milford, Tobias Fischer
2024-03-15 11:21:12,278 INFO     MIT license - https://github.com/AdamDHines/VPRTempoNeuro
2024-03-15 11:21:12,278 INFO     \\\\\\\\\\\\
2024-03-15 11:21:12,278 INFO     
2024-03-15 11:21:12,278 INFO     Current device is NVIDIA GeForce RTX 2080
2024-03-15 11:21:12,278 INFO     
2024-03-15 11:22:01,437 INFO     
2024-03-15 11:22:01,438 INFO      _   _____________ _____                                _   _
2024-03-15 11:22:01,438 INFO     | | | | ___ \ ___ \_   _|                              | \ | |
2024-03-15 11:22:01,438 INFO     | | | | |_/ / |_/ / | | ___ _ __ ___  _ __   ___ ______|  \| | ___ _   _ _ __ ___
2024-03-15 11:22:01,438 INFO     | | | |  __/|    /  | |/ _ \  _   _ \|  _ \ / _ \______|     |/ _ \ | | |  __/ _ \
2024-03-15 11:22:01,438 INFO     \ \_/ / |   | |\ \  | |  __/ | | | | | |_) | (_) |     | |\  |  __/ |_| | | | (_) |
2024-03-15 11:22:01,438 INFO      \___/\_|   \_| \_| \_/\___|_| |_| |_| .__/ \___/      \_| \_/\___|\__,_|_|  \___/
2024-03-15 11:22:01,438 INFO                                          | |
2024-03-15 11:22:01,439 INFO                                          |_|
2024-03-15 11:22:01,439 INFO     -----------------------------------------------------------------------
2024-03-15 11:22:01,439 INFO     VPRTempoNeuro: Neuromorphic Visual Place Recognition v0.1.0
2024-03-15 11:22:01,439 INFO     Queensland University of Technology, Centre for Robotics
2024-03-15 11:22:01,439 INFO     
2024-03-15 11:22:01,439 INFO     © 2024 Adam D Hines, Michael Milford, Tobias Fischer
2024-03-15 11:22:01,439 INFO     MIT license - https://github.com/AdamDHines/VPRTempoNeuro
2024-03-15 11:22:01,439 INFO     \\\\\\\\\\\\
2024-03-15 11:22:01,439 INFO     
2024-03-15 11:22:01,440 INFO     Current device is NVIDIA GeForce RTX 2080
2024-03-15 11:22:01,440 INFO     
2024-03-15 11:22:02,230 INFO     +--------+------+------+------+------+------+------+
|   N    |  1   |  5   |  10  |  15  |  20  |  25  |
+--------+------+------+------+------+------+------+
| Recall | 0.54 | 0.81 | 0.85 | 0.89 | 0.91 | 0.92 |
+--------+------+------+------+------+------+------+
2024-03-15 11:22:14,295 INFO     
2024-03-15 11:22:14,295 INFO      _   _____________ _____                                _   _
2024-03-15 11:22:14,295 INFO     | | | | ___ \ ___ \_   _|                              | \ | |
2024-03-15 11:22:14,295 INFO     | | | | |_/ / |_/ / | | ___ _ __ ___  _ __   ___ ______|  \| | ___ _   _ _ __ ___
2024-03-15 11:22:14,296 INFO     | | | |  __/|    /  | |/ _ \  _   _ \|  _ \ / _ \______|     |/ _ \ | | |  __/ _ \
2024-03-15 11:22:14,296 INFO     \ \_/ / |   | |\ \  | |  __/ | | | | | |_) | (_) |     | |\  |  __/ |_| | | | (_) |
2024-03-15 11:22:14,296 INFO      \___/\_|   \_| \_| \_/\___|_| |_| |_| .__/ \___/      \_| \_/\___|\__,_|_|  \___/
2024-03-15 11:22:14,296 INFO                                          | |
2024-03-15 11:22:14,296 INFO                                          |_|
2024-03-15 11:22:14,296 INFO     -----------------------------------------------------------------------
2024-03-15 11:22:14,296 INFO     VPRTempoNeuro: Neuromorphic Visual Place Recognition v0.1.0
2024-03-15 11:22:14,296 INFO     Queensland University of Technology, Centre for Robotics
2024-03-15 11:22:14,297 INFO     
2024-03-15 11:22:14,297 INFO     © 2024 Adam D Hines, Michael Milford, Tobias Fischer
2024-03-15 11:22:14,297 INFO     MIT license - https://github.com/AdamDHines/VPRTempoNeuro
2024-03-15 11:22:14,297 INFO     \\\\\\\\\\\\
2024-03-15 11:22:14,297 INFO     
2024-03-15 11:22:14,297 INFO     Current device is NVIDIA GeForce RTX 2080
2024-03-15 11:22:14,297 INFO     
2024-03-15 11:23:03,667 INFO     
2024-03-15 11:23:03,667 INFO      _   _____________ _____                                _   _
2024-03-15 11:23:03,667 INFO     | | | | ___ \ ___ \_   _|                              | \ | |
2024-03-15 11:23:03,667 INFO     | | | | |_/ / |_/ / | | ___ _ __ ___  _ __   ___ ______|  \| | ___ _   _ _ __ ___
2024-03-15 11:23:03,667 INFO     | | | |  __/|    /  | |/ _ \  _   _ \|  _ \ / _ \______|     |/ _ \ | | |  __/ _ \
2024-03-15 11:23:03,667 INFO     \ \_/ / |   | |\ \  | |  __/ | | | | | |_) | (_) |     | |\  |  __/ |_| | | | (_) |
2024-03-15 11:23:03,668 INFO      \___/\_|   \_| \_| \_/\___|_| |_| |_| .__/ \___/      \_| \_/\___|\__,_|_|  \___/
2024-03-15 11:23:03,668 INFO                                          | |
2024-03-15 11:23:03,668 INFO                                          |_|
2024-03-15 11:23:03,668 INFO     -----------------------------------------------------------------------
2024-03-15 11:23:03,668 INFO     VPRTempoNeuro: Neuromorphic Visual Place Recognition v0.1.0
2024-03-15 11:23:03,668 INFO     Queensland University of Technology, Centre for Robotics
2024-03-15 11:23:03,668 INFO     
2024-03-15 11:23:03,668 INFO     © 2024 Adam D Hines, Michael Milford, Tobias Fischer
2024-03-15 11:23:03,668 INFO     MIT license - https://github.com/AdamDHines/VPRTempoNeuro
2024-03-15 11:23:03,668 INFO     \\\\\\\\\\\\
2024-03-15 11:23:03,669 INFO     
2024-03-15 11:23:03,669 INFO     Current device is NVIDIA GeForce RTX 2080
2024-03-15 11:23:03,669 INFO     
2024-03-15 11:23:04,448 INFO     +--------+------+-----+------+------+------+------+
|   N    |  1   |  5  |  10  |  15  |  20  |  25  |
+--------+------+-----+------+------+------+------+
| Recall | 0.58 | 0.8 | 0.85 | 0.87 | 0.89 | 0.92 |
+--------+------+-----+------+------+------+------+
