2024-03-25 12:51:02,748 INFO     
2024-03-25 12:51:02,748 INFO      _   _____________ _____                                _   _
2024-03-25 12:51:02,748 INFO     | | | | ___ \ ___ \_   _|                              | \ | |
2024-03-25 12:51:02,748 INFO     | | | | |_/ / |_/ / | | ___ _ __ ___  _ __   ___ ______|  \| | ___ _   _ _ __ ___
2024-03-25 12:51:02,748 INFO     | | | |  __/|    /  | |/ _ \  _   _ \|  _ \ / _ \______|     |/ _ \ | | |  __/ _ \
2024-03-25 12:51:02,748 INFO     \ \_/ / |   | |\ \  | |  __/ | | | | | |_) | (_) |     | |\  |  __/ |_| | | | (_) |
2024-03-25 12:51:02,748 INFO      \___/\_|   \_| \_| \_/\___|_| |_| |_| .__/ \___/      \_| \_/\___|\__,_|_|  \___/
2024-03-25 12:51:02,748 INFO                                          | |
2024-03-25 12:51:02,748 INFO                                          |_|
2024-03-25 12:51:02,749 INFO     -----------------------------------------------------------------------
2024-03-25 12:51:02,749 INFO     VPRTempoNeuro: Neuromorphic Visual Place Recognition v0.1.0
2024-03-25 12:51:02,749 INFO     Queensland University of Technology, Centre for Robotics
2024-03-25 12:51:02,749 INFO     
2024-03-25 12:51:02,749 INFO     © 2024 Adam D Hines, Michael Milford, Tobias Fischer
2024-03-25 12:51:02,749 INFO     MIT license - https://github.com/AdamDHines/VPRTempoNeuro
2024-03-25 12:51:02,749 INFO     \\\\\\\\\\\\
2024-03-25 12:51:02,749 INFO     
2024-03-25 12:51:02,766 INFO     Current device is NVIDIA GeForce RTX 2080
2024-03-25 12:51:02,766 INFO     
2024-03-25 12:51:03,650 INFO     +--------+------+------+------+------+------+------+
|   N    |  1   |  5   |  10  |  15  |  20  |  25  |
+--------+------+------+------+------+------+------+
| Recall | 0.56 | 0.83 | 0.88 | 0.91 | 0.93 | 0.95 |
+--------+------+------+------+------+------+------+
