2024-03-15 13:44:19,594 INFO     
2024-03-15 13:44:19,594 INFO      _   _____________ _____                                _   _
2024-03-15 13:44:19,595 INFO     | | | | ___ \ ___ \_   _|                              | \ | |
2024-03-15 13:44:19,595 INFO     | | | | |_/ / |_/ / | | ___ _ __ ___  _ __   ___ ______|  \| | ___ _   _ _ __ ___
2024-03-15 13:44:19,595 INFO     | | | |  __/|    /  | |/ _ \  _   _ \|  _ \ / _ \______|     |/ _ \ | | |  __/ _ \
2024-03-15 13:44:19,595 INFO     \ \_/ / |   | |\ \  | |  __/ | | | | | |_) | (_) |     | |\  |  __/ |_| | | | (_) |
2024-03-15 13:44:19,595 INFO      \___/\_|   \_| \_| \_/\___|_| |_| |_| .__/ \___/      \_| \_/\___|\__,_|_|  \___/
2024-03-15 13:44:19,595 INFO                                          | |
2024-03-15 13:44:19,595 INFO                                          |_|
2024-03-15 13:44:19,595 INFO     -----------------------------------------------------------------------
2024-03-15 13:44:19,595 INFO     VPRTempoNeuro: Neuromorphic Visual Place Recognition v0.1.0
2024-03-15 13:44:19,596 INFO     Queensland University of Technology, Centre for Robotics
2024-03-15 13:44:19,596 INFO     
2024-03-15 13:44:19,596 INFO     © 2024 Adam D Hines, Michael Milford, Tobias Fischer
2024-03-15 13:44:19,596 INFO     MIT license - https://github.com/AdamDHines/VPRTempoNeuro
2024-03-15 13:44:19,596 INFO     \\\\\\\\\\\\
2024-03-15 13:44:19,596 INFO     
2024-03-15 13:44:19,616 INFO     Current device is NVIDIA GeForce RTX 2080
2024-03-15 13:44:19,616 INFO     
2024-03-15 13:45:31,668 INFO     
2024-03-15 13:45:31,668 INFO      _   _____________ _____                                _   _
2024-03-15 13:45:31,668 INFO     | | | | ___ \ ___ \_   _|                              | \ | |
2024-03-15 13:45:31,668 INFO     | | | | |_/ / |_/ / | | ___ _ __ ___  _ __   ___ ______|  \| | ___ _   _ _ __ ___
2024-03-15 13:45:31,669 INFO     | | | |  __/|    /  | |/ _ \  _   _ \|  _ \ / _ \______|     |/ _ \ | | |  __/ _ \
2024-03-15 13:45:31,669 INFO     \ \_/ / |   | |\ \  | |  __/ | | | | | |_) | (_) |     | |\  |  __/ |_| | | | (_) |
2024-03-15 13:45:31,669 INFO      \___/\_|   \_| \_| \_/\___|_| |_| |_| .__/ \___/      \_| \_/\___|\__,_|_|  \___/
2024-03-15 13:45:31,669 INFO                                          | |
2024-03-15 13:45:31,669 INFO                                          |_|
2024-03-15 13:45:31,669 INFO     -----------------------------------------------------------------------
2024-03-15 13:45:31,669 INFO     VPRTempoNeuro: Neuromorphic Visual Place Recognition v0.1.0
2024-03-15 13:45:31,669 INFO     Queensland University of Technology, Centre for Robotics
2024-03-15 13:45:31,669 INFO     
2024-03-15 13:45:31,669 INFO     © 2024 Adam D Hines, Michael Milford, Tobias Fischer
2024-03-15 13:45:31,669 INFO     MIT license - https://github.com/AdamDHines/VPRTempoNeuro
2024-03-15 13:45:31,669 INFO     \\\\\\\\\\\\
2024-03-15 13:45:31,669 INFO     
2024-03-15 13:45:31,669 INFO     Current device is NVIDIA GeForce RTX 2080
2024-03-15 13:45:31,669 INFO     
2024-03-15 13:45:32,570 INFO     +--------+------+------+-----+------+-----+------+
|   N    |  1   |  5   |  10 |  15  |  20 |  25  |
+--------+------+------+-----+------+-----+------+
| Recall | 0.29 | 0.52 | 0.6 | 0.65 | 0.7 | 0.73 |
+--------+------+------+-----+------+-----+------+
2024-03-15 13:45:48,686 INFO     
2024-03-15 13:45:48,687 INFO      _   _____________ _____                                _   _
2024-03-15 13:45:48,687 INFO     | | | | ___ \ ___ \_   _|                              | \ | |
2024-03-15 13:45:48,687 INFO     | | | | |_/ / |_/ / | | ___ _ __ ___  _ __   ___ ______|  \| | ___ _   _ _ __ ___
2024-03-15 13:45:48,687 INFO     | | | |  __/|    /  | |/ _ \  _   _ \|  _ \ / _ \______|     |/ _ \ | | |  __/ _ \
2024-03-15 13:45:48,687 INFO     \ \_/ / |   | |\ \  | |  __/ | | | | | |_) | (_) |     | |\  |  __/ |_| | | | (_) |
2024-03-15 13:45:48,687 INFO      \___/\_|   \_| \_| \_/\___|_| |_| |_| .__/ \___/      \_| \_/\___|\__,_|_|  \___/
2024-03-15 13:45:48,687 INFO                                          | |
2024-03-15 13:45:48,688 INFO                                          |_|
2024-03-15 13:45:48,688 INFO     -----------------------------------------------------------------------
2024-03-15 13:45:48,688 INFO     VPRTempoNeuro: Neuromorphic Visual Place Recognition v0.1.0
2024-03-15 13:45:48,688 INFO     Queensland University of Technology, Centre for Robotics
2024-03-15 13:45:48,688 INFO     
2024-03-15 13:45:48,688 INFO     © 2024 Adam D Hines, Michael Milford, Tobias Fischer
2024-03-15 13:45:48,688 INFO     MIT license - https://github.com/AdamDHines/VPRTempoNeuro
2024-03-15 13:45:48,688 INFO     \\\\\\\\\\\\
2024-03-15 13:45:48,688 INFO     
2024-03-15 13:45:48,689 INFO     Current device is NVIDIA GeForce RTX 2080
2024-03-15 13:45:48,689 INFO     
2024-03-15 13:47:00,172 INFO     
2024-03-15 13:47:00,172 INFO      _   _____________ _____                                _   _
2024-03-15 13:47:00,172 INFO     | | | | ___ \ ___ \_   _|                              | \ | |
2024-03-15 13:47:00,172 INFO     | | | | |_/ / |_/ / | | ___ _ __ ___  _ __   ___ ______|  \| | ___ _   _ _ __ ___
2024-03-15 13:47:00,172 INFO     | | | |  __/|    /  | |/ _ \  _   _ \|  _ \ / _ \______|     |/ _ \ | | |  __/ _ \
2024-03-15 13:47:00,172 INFO     \ \_/ / |   | |\ \  | |  __/ | | | | | |_) | (_) |     | |\  |  __/ |_| | | | (_) |
2024-03-15 13:47:00,172 INFO      \___/\_|   \_| \_| \_/\___|_| |_| |_| .__/ \___/      \_| \_/\___|\__,_|_|  \___/
2024-03-15 13:47:00,172 INFO                                          | |
2024-03-15 13:47:00,173 INFO                                          |_|
2024-03-15 13:47:00,173 INFO     -----------------------------------------------------------------------
2024-03-15 13:47:00,173 INFO     VPRTempoNeuro: Neuromorphic Visual Place Recognition v0.1.0
2024-03-15 13:47:00,173 INFO     Queensland University of Technology, Centre for Robotics
2024-03-15 13:47:00,173 INFO     
2024-03-15 13:47:00,173 INFO     © 2024 Adam D Hines, Michael Milford, Tobias Fischer
2024-03-15 13:47:00,173 INFO     MIT license - https://github.com/AdamDHines/VPRTempoNeuro
2024-03-15 13:47:00,173 INFO     \\\\\\\\\\\\
2024-03-15 13:47:00,173 INFO     
2024-03-15 13:47:00,173 INFO     Current device is NVIDIA GeForce RTX 2080
2024-03-15 13:47:00,174 INFO     
2024-03-15 13:47:00,997 INFO     +--------+------+------+------+------+------+------+
|   N    |  1   |  5   |  10  |  15  |  20  |  25  |
+--------+------+------+------+------+------+------+
| Recall | 0.31 | 0.59 | 0.68 | 0.72 | 0.76 | 0.77 |
+--------+------+------+------+------+------+------+
2024-03-15 13:47:14,612 INFO     
2024-03-15 13:47:14,612 INFO      _   _____________ _____                                _   _
2024-03-15 13:47:14,612 INFO     | | | | ___ \ ___ \_   _|                              | \ | |
2024-03-15 13:47:14,612 INFO     | | | | |_/ / |_/ / | | ___ _ __ ___  _ __   ___ ______|  \| | ___ _   _ _ __ ___
2024-03-15 13:47:14,612 INFO     | | | |  __/|    /  | |/ _ \  _   _ \|  _ \ / _ \______|     |/ _ \ | | |  __/ _ \
2024-03-15 13:47:14,612 INFO     \ \_/ / |   | |\ \  | |  __/ | | | | | |_) | (_) |     | |\  |  __/ |_| | | | (_) |
2024-03-15 13:47:14,612 INFO      \___/\_|   \_| \_| \_/\___|_| |_| |_| .__/ \___/      \_| \_/\___|\__,_|_|  \___/
2024-03-15 13:47:14,613 INFO                                          | |
2024-03-15 13:47:14,613 INFO                                          |_|
2024-03-15 13:47:14,613 INFO     -----------------------------------------------------------------------
2024-03-15 13:47:14,613 INFO     VPRTempoNeuro: Neuromorphic Visual Place Recognition v0.1.0
2024-03-15 13:47:14,613 INFO     Queensland University of Technology, Centre for Robotics
2024-03-15 13:47:14,613 INFO     
2024-03-15 13:47:14,613 INFO     © 2024 Adam D Hines, Michael Milford, Tobias Fischer
2024-03-15 13:47:14,614 INFO     MIT license - https://github.com/AdamDHines/VPRTempoNeuro
2024-03-15 13:47:14,614 INFO     \\\\\\\\\\\\
2024-03-15 13:47:14,614 INFO     
2024-03-15 13:47:14,614 INFO     Current device is NVIDIA GeForce RTX 2080
2024-03-15 13:47:14,614 INFO     
2024-03-15 13:48:26,688 INFO     
2024-03-15 13:48:26,688 INFO      _   _____________ _____                                _   _
2024-03-15 13:48:26,688 INFO     | | | | ___ \ ___ \_   _|                              | \ | |
2024-03-15 13:48:26,688 INFO     | | | | |_/ / |_/ / | | ___ _ __ ___  _ __   ___ ______|  \| | ___ _   _ _ __ ___
2024-03-15 13:48:26,688 INFO     | | | |  __/|    /  | |/ _ \  _   _ \|  _ \ / _ \______|     |/ _ \ | | |  __/ _ \
2024-03-15 13:48:26,688 INFO     \ \_/ / |   | |\ \  | |  __/ | | | | | |_) | (_) |     | |\  |  __/ |_| | | | (_) |
2024-03-15 13:48:26,688 INFO      \___/\_|   \_| \_| \_/\___|_| |_| |_| .__/ \___/      \_| \_/\___|\__,_|_|  \___/
2024-03-15 13:48:26,689 INFO                                          | |
2024-03-15 13:48:26,689 INFO                                          |_|
2024-03-15 13:48:26,689 INFO     -----------------------------------------------------------------------
2024-03-15 13:48:26,689 INFO     VPRTempoNeuro: Neuromorphic Visual Place Recognition v0.1.0
2024-03-15 13:48:26,689 INFO     Queensland University of Technology, Centre for Robotics
2024-03-15 13:48:26,689 INFO     
2024-03-15 13:48:26,689 INFO     © 2024 Adam D Hines, Michael Milford, Tobias Fischer
2024-03-15 13:48:26,689 INFO     MIT license - https://github.com/AdamDHines/VPRTempoNeuro
2024-03-15 13:48:26,689 INFO     \\\\\\\\\\\\
2024-03-15 13:48:26,689 INFO     
2024-03-15 13:48:26,690 INFO     Current device is NVIDIA GeForce RTX 2080
2024-03-15 13:48:26,690 INFO     
2024-03-15 13:48:27,463 INFO     +--------+------+------+------+-----+------+------+
|   N    |  1   |  5   |  10  |  15 |  20  |  25  |
+--------+------+------+------+-----+------+------+
| Recall | 0.33 | 0.57 | 0.67 | 0.7 | 0.74 | 0.75 |
+--------+------+------+------+-----+------+------+
2024-03-15 13:48:48,565 INFO     
2024-03-15 13:48:48,565 INFO      _   _____________ _____                                _   _
2024-03-15 13:48:48,565 INFO     | | | | ___ \ ___ \_   _|                              | \ | |
2024-03-15 13:48:48,565 INFO     | | | | |_/ / |_/ / | | ___ _ __ ___  _ __   ___ ______|  \| | ___ _   _ _ __ ___
2024-03-15 13:48:48,566 INFO     | | | |  __/|    /  | |/ _ \  _   _ \|  _ \ / _ \______|     |/ _ \ | | |  __/ _ \
2024-03-15 13:48:48,566 INFO     \ \_/ / |   | |\ \  | |  __/ | | | | | |_) | (_) |     | |\  |  __/ |_| | | | (_) |
2024-03-15 13:48:48,566 INFO      \___/\_|   \_| \_| \_/\___|_| |_| |_| .__/ \___/      \_| \_/\___|\__,_|_|  \___/
2024-03-15 13:48:48,566 INFO                                          | |
2024-03-15 13:48:48,566 INFO                                          |_|
2024-03-15 13:48:48,566 INFO     -----------------------------------------------------------------------
2024-03-15 13:48:48,566 INFO     VPRTempoNeuro: Neuromorphic Visual Place Recognition v0.1.0
2024-03-15 13:48:48,566 INFO     Queensland University of Technology, Centre for Robotics
2024-03-15 13:48:48,566 INFO     
2024-03-15 13:48:48,567 INFO     © 2024 Adam D Hines, Michael Milford, Tobias Fischer
2024-03-15 13:48:48,567 INFO     MIT license - https://github.com/AdamDHines/VPRTempoNeuro
2024-03-15 13:48:48,567 INFO     \\\\\\\\\\\\
2024-03-15 13:48:48,567 INFO     
2024-03-15 13:48:48,567 INFO     Current device is NVIDIA GeForce RTX 2080
2024-03-15 13:48:48,567 INFO     
