2024-06-03 11:33:33,545 INFO     
2024-06-03 11:33:33,545 INFO      _   _____________ _____                                _   _
2024-06-03 11:33:33,545 INFO     | | | | ___ \ ___ \_   _|                              | \ | |
2024-06-03 11:33:33,545 INFO     | | | | |_/ / |_/ / | | ___ _ __ ___  _ __   ___ ______|  \| | ___ _   _ _ __ ___
2024-06-03 11:33:33,545 INFO     | | | |  __/|    /  | |/ _ \  _   _ \|  _ \ / _ \______|     |/ _ \ | | |  __/ _ \
2024-06-03 11:33:33,545 INFO     \ \_/ / |   | |\ \  | |  __/ | | | | | |_) | (_) |     | |\  |  __/ |_| | | | (_) |
2024-06-03 11:33:33,545 INFO      \___/\_|   \_| \_| \_/\___|_| |_| |_| .__/ \___/      \_| \_/\___|\__,_|_|  \___/
2024-06-03 11:33:33,545 INFO                                          | |
2024-06-03 11:33:33,545 INFO                                          |_|
2024-06-03 11:33:33,545 INFO     -----------------------------------------------------------------------
2024-06-03 11:33:33,545 INFO     VPRTempoNeuro: Neuromorphic Visual Place Recognition v0.1.0
2024-06-03 11:33:33,545 INFO     Queensland University of Technology, Centre for Robotics
2024-06-03 11:33:33,545 INFO     
2024-06-03 11:33:33,545 INFO     © 2024 Adam D Hines, Michael Milford, Tobias Fischer
2024-06-03 11:33:33,545 INFO     MIT license - https://github.com/AdamDHines/VPRTempoNeuro
2024-06-03 11:33:33,545 INFO     \\\\\\\\\\\\
2024-06-03 11:33:33,546 INFO     
2024-06-03 11:33:33,562 INFO     Current device is NVIDIA GeForce RTX 2080
2024-06-03 11:33:33,562 INFO     
2024-06-03 11:33:33,870 INFO     +--------+------+------+-----+------+------+------+
|   N    |  1   |  5   |  10 |  15  |  20  |  25  |
+--------+------+------+-----+------+------+------+
| Recall | 0.05 | 0.12 | 0.2 | 0.26 | 0.34 | 0.36 |
+--------+------+------+-----+------+------+------+
