2024-07-11 10:04:13,417 INFO     
2024-07-11 10:04:13,417 INFO     ██╗░░░░░███████╗███╗░░██╗░██████╗
2024-07-11 10:04:13,417 INFO     ██║░░░░░██╔════╝████╗░██║██╔════╝
2024-07-11 10:04:13,417 INFO     ██║░░░░░█████╗░░██╔██╗██║╚█████╗░
2024-07-11 10:04:13,417 INFO     ██║░░░░░██╔══╝░░██║╚████║░╚═══██╗
2024-07-11 10:04:13,417 INFO     ███████╗███████╗██║░╚███║██████╔╝
2024-07-11 10:04:13,418 INFO     ╚══════╝╚══════╝╚═╝░░╚══╝╚═════╝░
2024-07-11 10:04:13,418 INFO     
2024-07-11 10:04:13,418 INFO     \\\\\\\\\\\\
2024-07-11 10:04:13,418 INFO     LENS: Locational Encoding with Neuromorphic Systems v0.1.0
2024-07-11 10:04:13,418 INFO     Queensland University of Technology, Centre for Robotics
2024-07-11 10:04:13,418 INFO     
2024-07-11 10:04:13,418 INFO     © 2024 Adam D Hines, Michael Milford, Tobias Fischer
2024-07-11 10:04:13,418 INFO     MIT license - https://github.com/AdamDHines/LENS
2024-07-11 10:04:13,418 INFO     \\\\\\\\\\\\
2024-07-11 10:04:13,418 INFO     
2024-07-11 10:04:13,418 INFO     Current device is: Speck2fDevKit
2024-07-11 10:04:13,418 INFO     
2024-07-11 10:18:44,747 INFO     
2024-07-11 10:18:44,747 INFO     Succesfully completed inferencing using LENS
