2024-03-25 12:51:28,342 INFO     
2024-03-25 12:51:28,342 INFO      _   _____________ _____                                _   _
2024-03-25 12:51:28,342 INFO     | | | | ___ \ ___ \_   _|                              | \ | |
2024-03-25 12:51:28,342 INFO     | | | | |_/ / |_/ / | | ___ _ __ ___  _ __   ___ ______|  \| | ___ _   _ _ __ ___
2024-03-25 12:51:28,342 INFO     | | | |  __/|    /  | |/ _ \  _   _ \|  _ \ / _ \______|     |/ _ \ | | |  __/ _ \
2024-03-25 12:51:28,342 INFO     \ \_/ / |   | |\ \  | |  __/ | | | | | |_) | (_) |     | |\  |  __/ |_| | | | (_) |
2024-03-25 12:51:28,342 INFO      \___/\_|   \_| \_| \_/\___|_| |_| |_| .__/ \___/      \_| \_/\___|\__,_|_|  \___/
2024-03-25 12:51:28,342 INFO                                          | |
2024-03-25 12:51:28,342 INFO                                          |_|
2024-03-25 12:51:28,342 INFO     -----------------------------------------------------------------------
2024-03-25 12:51:28,342 INFO     VPRTempoNeuro: Neuromorphic Visual Place Recognition v0.1.0
2024-03-25 12:51:28,342 INFO     Queensland University of Technology, Centre for Robotics
2024-03-25 12:51:28,342 INFO     
2024-03-25 12:51:28,343 INFO     © 2024 Adam D Hines, Michael Milford, Tobias Fischer
2024-03-25 12:51:28,343 INFO     MIT license - https://github.com/AdamDHines/VPRTempoNeuro
2024-03-25 12:51:28,343 INFO     \\\\\\\\\\\\
2024-03-25 12:51:28,343 INFO     
2024-03-25 12:51:28,347 INFO     Current device is CPU
2024-03-25 12:51:28,347 INFO     
2024-03-25 12:51:55,721 INFO     +--------+------+------+------+------+------+------+
|   N    |  1   |  5   |  10  |  15  |  20  |  25  |
+--------+------+------+------+------+------+------+
| Recall | 0.31 | 0.57 | 0.68 | 0.74 | 0.76 | 0.79 |
+--------+------+------+------+------+------+------+
