2024-03-25 15:07:38,654 INFO     
2024-03-25 15:07:38,654 INFO      _   _____________ _____                                _   _
2024-03-25 15:07:38,654 INFO     | | | | ___ \ ___ \_   _|                              | \ | |
2024-03-25 15:07:38,655 INFO     | | | | |_/ / |_/ / | | ___ _ __ ___  _ __   ___ ______|  \| | ___ _   _ _ __ ___
2024-03-25 15:07:38,655 INFO     | | | |  __/|    /  | |/ _ \  _   _ \|  _ \ / _ \______|     |/ _ \ | | |  __/ _ \
2024-03-25 15:07:38,655 INFO     \ \_/ / |   | |\ \  | |  __/ | | | | | |_) | (_) |     | |\  |  __/ |_| | | | (_) |
2024-03-25 15:07:38,655 INFO      \___/\_|   \_| \_| \_/\___|_| |_| |_| .__/ \___/      \_| \_/\___|\__,_|_|  \___/
2024-03-25 15:07:38,655 INFO                                          | |
2024-03-25 15:07:38,655 INFO                                          |_|
2024-03-25 15:07:38,655 INFO     -----------------------------------------------------------------------
2024-03-25 15:07:38,655 INFO     VPRTempoNeuro: Neuromorphic Visual Place Recognition v0.1.0
2024-03-25 15:07:38,655 INFO     Queensland University of Technology, Centre for Robotics
2024-03-25 15:07:38,655 INFO     
2024-03-25 15:07:38,655 INFO     © 2024 Adam D Hines, Michael Milford, Tobias Fischer
2024-03-25 15:07:38,655 INFO     MIT license - https://github.com/AdamDHines/VPRTempoNeuro
2024-03-25 15:07:38,655 INFO     \\\\\\\\\\\\
2024-03-25 15:07:38,655 INFO     
2024-03-25 15:07:38,661 INFO     Current device is CPU
2024-03-25 15:07:38,661 INFO     
2024-03-25 15:07:46,363 INFO     +--------+------+------+------+------+------+-----+
|   N    |  1   |  5   |  10  |  15  |  20  |  25 |
+--------+------+------+------+------+------+-----+
| Recall | 0.05 | 0.11 | 0.17 | 0.22 | 0.27 | 0.3 |
+--------+------+------+------+------+------+-----+
