2024-06-03 13:06:33,688 INFO     
2024-06-03 13:06:33,688 INFO      _   _____________ _____                                _   _
2024-06-03 13:06:33,688 INFO     | | | | ___ \ ___ \_   _|                              | \ | |
2024-06-03 13:06:33,689 INFO     | | | | |_/ / |_/ / | | ___ _ __ ___  _ __   ___ ______|  \| | ___ _   _ _ __ ___
2024-06-03 13:06:33,689 INFO     | | | |  __/|    /  | |/ _ \  _   _ \|  _ \ / _ \______|     |/ _ \ | | |  __/ _ \
2024-06-03 13:06:33,689 INFO     \ \_/ / |   | |\ \  | |  __/ | | | | | |_) | (_) |     | |\  |  __/ |_| | | | (_) |
2024-06-03 13:06:33,689 INFO      \___/\_|   \_| \_| \_/\___|_| |_| |_| .__/ \___/      \_| \_/\___|\__,_|_|  \___/
2024-06-03 13:06:33,689 INFO                                          | |
2024-06-03 13:06:33,689 INFO                                          |_|
2024-06-03 13:06:33,689 INFO     -----------------------------------------------------------------------
2024-06-03 13:06:33,689 INFO     VPRTempoNeuro: Neuromorphic Visual Place Recognition v0.1.0
2024-06-03 13:06:33,689 INFO     Queensland University of Technology, Centre for Robotics
2024-06-03 13:06:33,689 INFO     
2024-06-03 13:06:33,689 INFO     © 2024 Adam D Hines, Michael Milford, Tobias Fischer
2024-06-03 13:06:33,689 INFO     MIT license - https://github.com/AdamDHines/VPRTempoNeuro
2024-06-03 13:06:33,689 INFO     \\\\\\\\\\\\
2024-06-03 13:06:33,689 INFO     
2024-06-03 13:06:33,706 INFO     Current device is NVIDIA GeForce RTX 2080
2024-06-03 13:06:33,706 INFO     
2024-06-03 13:06:34,063 INFO     +--------+------+-----+-----+-----+-----+-----+
|   N    |  1   |  5  |  10 |  15 |  20 |  25 |
+--------+------+-----+-----+-----+-----+-----+
| Recall | 0.89 | 1.0 | 1.0 | 1.0 | 1.0 | 1.0 |
+--------+------+-----+-----+-----+-----+-----+
