2024-06-21 11:40:23,398 INFO     
2024-06-21 11:40:23,398 INFO     ██╗░░░░░███████╗███╗░░██╗░██████╗
2024-06-21 11:40:23,398 INFO     ██║░░░░░██╔════╝████╗░██║██╔════╝
2024-06-21 11:40:23,398 INFO     ██║░░░░░█████╗░░██╔██╗██║╚█████╗░
2024-06-21 11:40:23,398 INFO     ██║░░░░░██╔══╝░░██║╚████║░╚═══██╗
2024-06-21 11:40:23,398 INFO     ███████╗███████╗██║░╚███║██████╔╝
2024-06-21 11:40:23,399 INFO     ╚══════╝╚══════╝╚═╝░░╚══╝╚═════╝░
2024-06-21 11:40:23,399 INFO     
2024-06-21 11:40:23,399 INFO     \\\\\\\\\\\\
2024-06-21 11:40:23,399 INFO     LENS: Locational Encoding with Neuromorphic Systems v0.1.0
2024-06-21 11:40:23,399 INFO     Queensland University of Technology, Centre for Robotics
2024-06-21 11:40:23,399 INFO     
2024-06-21 11:40:23,399 INFO     © 2024 Adam D Hines, Michael Milford, Tobias Fischer
2024-06-21 11:40:23,399 INFO     MIT license - https://github.com/AdamDHines/LENS
2024-06-21 11:40:23,399 INFO     \\\\\\\\\\\\
2024-06-21 11:40:23,399 INFO     
2024-06-21 11:40:23,399 INFO     Current device is: Speck2fDevKit
2024-06-21 11:40:23,399 INFO     
2024-06-21 11:40:31,962 INFO     
2024-06-21 11:40:31,962 INFO     Succesfully completed inferencing using LENS
