2024-07-11 10:20:36,317 INFO     
2024-07-11 10:20:36,317 INFO     ██╗░░░░░███████╗███╗░░██╗░██████╗
2024-07-11 10:20:36,317 INFO     ██║░░░░░██╔════╝████╗░██║██╔════╝
2024-07-11 10:20:36,317 INFO     ██║░░░░░█████╗░░██╔██╗██║╚█████╗░
2024-07-11 10:20:36,317 INFO     ██║░░░░░██╔══╝░░██║╚████║░╚═══██╗
2024-07-11 10:20:36,317 INFO     ███████╗███████╗██║░╚███║██████╔╝
2024-07-11 10:20:36,317 INFO     ╚══════╝╚══════╝╚═╝░░╚══╝╚═════╝░
2024-07-11 10:20:36,317 INFO     
2024-07-11 10:20:36,317 INFO     \\\\\\\\\\\\
2024-07-11 10:20:36,317 INFO     LENS: Locational Encoding with Neuromorphic Systems v0.1.0
2024-07-11 10:20:36,317 INFO     Queensland University of Technology, Centre for Robotics
2024-07-11 10:20:36,317 INFO     
2024-07-11 10:20:36,317 INFO     © 2024 Adam D Hines, Michael Milford, Tobias Fischer
2024-07-11 10:20:36,317 INFO     MIT license - https://github.com/AdamDHines/LENS
2024-07-11 10:20:36,317 INFO     \\\\\\\\\\\\
2024-07-11 10:20:36,317 INFO     
2024-07-11 10:20:36,317 INFO     Current device is: Speck2fDevKit
2024-07-11 10:20:36,317 INFO     
2024-07-11 10:21:23,194 INFO     
2024-07-11 10:21:23,195 INFO     Succesfully completed inferencing using LENS
