2024-03-14 14:10:59,638 INFO     
2024-03-14 14:10:59,638 INFO      _   _____________ _____                                _   _
2024-03-14 14:10:59,638 INFO     | | | | ___ \ ___ \_   _|                              | \ | |
2024-03-14 14:10:59,638 INFO     | | | | |_/ / |_/ / | | ___ _ __ ___  _ __   ___ ______|  \| | ___ _   _ _ __ ___
2024-03-14 14:10:59,638 INFO     | | | |  __/|    /  | |/ _ \  _   _ \|  _ \ / _ \______|     |/ _ \ | | |  __/ _ \
2024-03-14 14:10:59,638 INFO     \ \_/ / |   | |\ \  | |  __/ | | | | | |_) | (_) |     | |\  |  __/ |_| | | | (_) |
2024-03-14 14:10:59,638 INFO      \___/\_|   \_| \_| \_/\___|_| |_| |_| .__/ \___/      \_| \_/\___|\__,_|_|  \___/
2024-03-14 14:10:59,638 INFO                                          | |
2024-03-14 14:10:59,638 INFO                                          |_|
2024-03-14 14:10:59,638 INFO     -----------------------------------------------------------------------
2024-03-14 14:10:59,638 INFO     VPRTempoNeuro: Neuromorphic Visual Place Recognition v0.1.0
2024-03-14 14:10:59,639 INFO     Queensland University of Technology, Centre for Robotics
2024-03-14 14:10:59,639 INFO     
2024-03-14 14:10:59,639 INFO     © 2024 Adam D Hines, Michael Milford, Tobias Fischer
2024-03-14 14:10:59,639 INFO     MIT license - https://github.com/AdamDHines/VPRTempoNeuro
2024-03-14 14:10:59,639 INFO     \\\\\\\\\\\\
2024-03-14 14:10:59,639 INFO     
2024-03-14 14:10:59,655 INFO     Current device is NVIDIA GeForce RTX 2080
2024-03-14 14:10:59,655 INFO     
2024-03-14 14:11:00,711 INFO     +--------+------+------+------+------+------+------+
|   N    |  1   |  5   |  10  |  15  |  20  |  25  |
+--------+------+------+------+------+------+------+
| Recall | 0.53 | 0.82 | 0.87 | 0.91 | 0.93 | 0.94 |
+--------+------+------+------+------+------+------+
