2024-03-15 14:47:57,361 INFO     
2024-03-15 14:47:57,361 INFO      _   _____________ _____                                _   _
2024-03-15 14:47:57,361 INFO     | | | | ___ \ ___ \_   _|                              | \ | |
2024-03-15 14:47:57,361 INFO     | | | | |_/ / |_/ / | | ___ _ __ ___  _ __   ___ ______|  \| | ___ _   _ _ __ ___
2024-03-15 14:47:57,361 INFO     | | | |  __/|    /  | |/ _ \  _   _ \|  _ \ / _ \______|     |/ _ \ | | |  __/ _ \
2024-03-15 14:47:57,361 INFO     \ \_/ / |   | |\ \  | |  __/ | | | | | |_) | (_) |     | |\  |  __/ |_| | | | (_) |
2024-03-15 14:47:57,361 INFO      \___/\_|   \_| \_| \_/\___|_| |_| |_| .__/ \___/      \_| \_/\___|\__,_|_|  \___/
2024-03-15 14:47:57,361 INFO                                          | |
2024-03-15 14:47:57,361 INFO                                          |_|
2024-03-15 14:47:57,361 INFO     -----------------------------------------------------------------------
2024-03-15 14:47:57,361 INFO     VPRTempoNeuro: Neuromorphic Visual Place Recognition v0.1.0
2024-03-15 14:47:57,361 INFO     Queensland University of Technology, Centre for Robotics
2024-03-15 14:47:57,361 INFO     
2024-03-15 14:47:57,361 INFO     © 2024 Adam D Hines, Michael Milford, Tobias Fischer
2024-03-15 14:47:57,362 INFO     MIT license - https://github.com/AdamDHines/VPRTempoNeuro
2024-03-15 14:47:57,362 INFO     \\\\\\\\\\\\
2024-03-15 14:47:57,362 INFO     
2024-03-15 14:47:57,366 INFO     Current device is CPU
2024-03-15 14:47:57,366 INFO     
2024-03-15 14:48:28,338 INFO     +--------+------+------+------+------+------+------+
|   N    |  1   |  5   |  10  |  15  |  20  |  25  |
+--------+------+------+------+------+------+------+
| Recall | 0.39 | 0.65 | 0.71 | 0.75 | 0.79 | 0.82 |
+--------+------+------+------+------+------+------+
