2024-03-15 10:51:20,581 INFO     
2024-03-15 10:51:20,581 INFO      _   _____________ _____                                _   _
2024-03-15 10:51:20,581 INFO     | | | | ___ \ ___ \_   _|                              | \ | |
2024-03-15 10:51:20,581 INFO     | | | | |_/ / |_/ / | | ___ _ __ ___  _ __   ___ ______|  \| | ___ _   _ _ __ ___
2024-03-15 10:51:20,581 INFO     | | | |  __/|    /  | |/ _ \  _   _ \|  _ \ / _ \______|     |/ _ \ | | |  __/ _ \
2024-03-15 10:51:20,581 INFO     \ \_/ / |   | |\ \  | |  __/ | | | | | |_) | (_) |     | |\  |  __/ |_| | | | (_) |
2024-03-15 10:51:20,581 INFO      \___/\_|   \_| \_| \_/\___|_| |_| |_| .__/ \___/      \_| \_/\___|\__,_|_|  \___/
2024-03-15 10:51:20,581 INFO                                          | |
2024-03-15 10:51:20,581 INFO                                          |_|
2024-03-15 10:51:20,581 INFO     -----------------------------------------------------------------------
2024-03-15 10:51:20,581 INFO     VPRTempoNeuro: Neuromorphic Visual Place Recognition v0.1.0
2024-03-15 10:51:20,581 INFO     Queensland University of Technology, Centre for Robotics
2024-03-15 10:51:20,581 INFO     
2024-03-15 10:51:20,581 INFO     © 2024 Adam D Hines, Michael Milford, Tobias Fischer
2024-03-15 10:51:20,581 INFO     MIT license - https://github.com/AdamDHines/VPRTempoNeuro
2024-03-15 10:51:20,581 INFO     \\\\\\\\\\\\
2024-03-15 10:51:20,581 INFO     
2024-03-15 10:51:20,594 INFO     Current device is CPU
2024-03-15 10:51:20,594 INFO     
2024-03-15 10:51:33,843 INFO     +--------+------+-----+------+------+------+------+
|   N    |  1   |  5  |  10  |  15  |  20  |  25  |
+--------+------+-----+------+------+------+------+
| Recall | 0.16 | 0.3 | 0.39 | 0.44 | 0.49 | 0.53 |
+--------+------+-----+------+------+------+------+
