2024-03-26 14:45:33,661 INFO     
2024-03-26 14:45:33,661 INFO      _   _____________ _____                                _   _
2024-03-26 14:45:33,661 INFO     | | | | ___ \ ___ \_   _|                              | \ | |
2024-03-26 14:45:33,661 INFO     | | | | |_/ / |_/ / | | ___ _ __ ___  _ __   ___ ______|  \| | ___ _   _ _ __ ___
2024-03-26 14:45:33,661 INFO     | | | |  __/|    /  | |/ _ \  _   _ \|  _ \ / _ \______|     |/ _ \ | | |  __/ _ \
2024-03-26 14:45:33,661 INFO     \ \_/ / |   | |\ \  | |  __/ | | | | | |_) | (_) |     | |\  |  __/ |_| | | | (_) |
2024-03-26 14:45:33,661 INFO      \___/\_|   \_| \_| \_/\___|_| |_| |_| .__/ \___/      \_| \_/\___|\__,_|_|  \___/
2024-03-26 14:45:33,661 INFO                                          | |
2024-03-26 14:45:33,661 INFO                                          |_|
2024-03-26 14:45:33,661 INFO     -----------------------------------------------------------------------
2024-03-26 14:45:33,661 INFO     VPRTempoNeuro: Neuromorphic Visual Place Recognition v0.1.0
2024-03-26 14:45:33,661 INFO     Queensland University of Technology, Centre for Robotics
2024-03-26 14:45:33,661 INFO     
2024-03-26 14:45:33,661 INFO     © 2024 Adam D Hines, Michael Milford, Tobias Fischer
2024-03-26 14:45:33,661 INFO     MIT license - https://github.com/AdamDHines/VPRTempoNeuro
2024-03-26 14:45:33,661 INFO     \\\\\\\\\\\\
2024-03-26 14:45:33,661 INFO     
2024-03-26 14:45:33,666 INFO     Current device is CPU
2024-03-26 14:45:33,666 INFO     
2024-03-26 14:46:01,515 INFO     +--------+------+-----+------+------+------+-----+
|   N    |  1   |  5  |  10  |  15  |  20  |  25 |
+--------+------+-----+------+------+------+-----+
| Recall | 0.05 | 0.2 | 0.28 | 0.33 | 0.37 | 0.4 |
+--------+------+-----+------+------+------+-----+
