2024-03-15 15:10:51,621 INFO     
2024-03-15 15:10:51,621 INFO      _   _____________ _____                                _   _
2024-03-15 15:10:51,622 INFO     | | | | ___ \ ___ \_   _|                              | \ | |
2024-03-15 15:10:51,622 INFO     | | | | |_/ / |_/ / | | ___ _ __ ___  _ __   ___ ______|  \| | ___ _   _ _ __ ___
2024-03-15 15:10:51,622 INFO     | | | |  __/|    /  | |/ _ \  _   _ \|  _ \ / _ \______|     |/ _ \ | | |  __/ _ \
2024-03-15 15:10:51,622 INFO     \ \_/ / |   | |\ \  | |  __/ | | | | | |_) | (_) |     | |\  |  __/ |_| | | | (_) |
2024-03-15 15:10:51,622 INFO      \___/\_|   \_| \_| \_/\___|_| |_| |_| .__/ \___/      \_| \_/\___|\__,_|_|  \___/
2024-03-15 15:10:51,622 INFO                                          | |
2024-03-15 15:10:51,622 INFO                                          |_|
2024-03-15 15:10:51,622 INFO     -----------------------------------------------------------------------
2024-03-15 15:10:51,622 INFO     VPRTempoNeuro: Neuromorphic Visual Place Recognition v0.1.0
2024-03-15 15:10:51,622 INFO     Queensland University of Technology, Centre for Robotics
2024-03-15 15:10:51,622 INFO     
2024-03-15 15:10:51,622 INFO     © 2024 Adam D Hines, Michael Milford, Tobias Fischer
2024-03-15 15:10:51,622 INFO     MIT license - https://github.com/AdamDHines/VPRTempoNeuro
2024-03-15 15:10:51,622 INFO     \\\\\\\\\\\\
2024-03-15 15:10:51,622 INFO     
2024-03-15 15:10:51,639 INFO     Current device is NVIDIA GeForce RTX 2080
2024-03-15 15:10:51,639 INFO     
2024-03-15 15:10:52,588 INFO     +--------+------+------+------+------+------+------+
|   N    |  1   |  5   |  10  |  15  |  20  |  25  |
+--------+------+------+------+------+------+------+
| Recall | 0.13 | 0.32 | 0.41 | 0.47 | 0.52 | 0.56 |
+--------+------+------+------+------+------+------+
