2024-06-12 14:24:46,477 INFO     
2024-06-12 14:24:46,477 INFO     ██╗░░░░░███████╗███╗░░██╗░██████╗
2024-06-12 14:24:46,477 INFO     ██║░░░░░██╔════╝████╗░██║██╔════╝
2024-06-12 14:24:46,477 INFO     ██║░░░░░█████╗░░██╔██╗██║╚█████╗░
2024-06-12 14:24:46,477 INFO     ██║░░░░░██╔══╝░░██║╚████║░╚═══██╗
2024-06-12 14:24:46,477 INFO     ███████╗███████╗██║░╚███║██████╔╝
2024-06-12 14:24:46,477 INFO     ╚══════╝╚══════╝╚═╝░░╚══╝╚═════╝░
2024-06-12 14:24:46,478 INFO     
2024-06-12 14:24:46,478 INFO     \\\\\\\\\\\\
2024-06-12 14:24:46,478 INFO     LENS: Locational Encoding with Neuromorphic Systems v0.1.0
2024-06-12 14:24:46,478 INFO     Queensland University of Technology, Centre for Robotics
2024-06-12 14:24:46,478 INFO     
2024-06-12 14:24:46,478 INFO     © 2024 Adam D Hines, Michael Milford, Tobias Fischer
2024-06-12 14:24:46,478 INFO     MIT license - https://github.com/AdamDHines/LENS
2024-06-12 14:24:46,478 INFO     \\\\\\\\\\\\
2024-06-12 14:24:46,478 INFO     
2024-06-12 14:24:46,478 INFO     Current device is: Speck2fDevKit
2024-06-12 14:24:46,478 INFO     
2024-06-12 14:24:56,033 INFO     
2024-06-12 14:24:56,034 INFO     Succesfully completed inferencing using LENS
