2024-06-12 14:48:09,746 INFO     
2024-06-12 14:48:09,747 INFO     ██╗░░░░░███████╗███╗░░██╗░██████╗
2024-06-12 14:48:09,747 INFO     ██║░░░░░██╔════╝████╗░██║██╔════╝
2024-06-12 14:48:09,747 INFO     ██║░░░░░█████╗░░██╔██╗██║╚█████╗░
2024-06-12 14:48:09,747 INFO     ██║░░░░░██╔══╝░░██║╚████║░╚═══██╗
2024-06-12 14:48:09,747 INFO     ███████╗███████╗██║░╚███║██████╔╝
2024-06-12 14:48:09,747 INFO     ╚══════╝╚══════╝╚═╝░░╚══╝╚═════╝░
2024-06-12 14:48:09,747 INFO     
2024-06-12 14:48:09,747 INFO     \\\\\\\\\\\\
2024-06-12 14:48:09,747 INFO     LENS: Locational Encoding with Neuromorphic Systems v0.1.0
2024-06-12 14:48:09,747 INFO     Queensland University of Technology, Centre for Robotics
2024-06-12 14:48:09,747 INFO     
2024-06-12 14:48:09,747 INFO     © 2024 Adam D Hines, Michael Milford, Tobias Fischer
2024-06-12 14:48:09,747 INFO     MIT license - https://github.com/AdamDHines/LENS
2024-06-12 14:48:09,747 INFO     \\\\\\\\\\\\
2024-06-12 14:48:09,747 INFO     
2024-06-12 14:48:09,747 INFO     Current device is: Speck2fDevKit
2024-06-12 14:48:09,747 INFO     
2024-06-12 14:48:18,311 INFO     
2024-06-12 14:48:18,311 INFO     Succesfully completed inferencing using LENS
