2024-03-25 14:29:29,826 INFO     
2024-03-25 14:29:29,826 INFO      _   _____________ _____                                _   _
2024-03-25 14:29:29,826 INFO     | | | | ___ \ ___ \_   _|                              | \ | |
2024-03-25 14:29:29,826 INFO     | | | | |_/ / |_/ / | | ___ _ __ ___  _ __   ___ ______|  \| | ___ _   _ _ __ ___
2024-03-25 14:29:29,826 INFO     | | | |  __/|    /  | |/ _ \  _   _ \|  _ \ / _ \______|     |/ _ \ | | |  __/ _ \
2024-03-25 14:29:29,826 INFO     \ \_/ / |   | |\ \  | |  __/ | | | | | |_) | (_) |     | |\  |  __/ |_| | | | (_) |
2024-03-25 14:29:29,826 INFO      \___/\_|   \_| \_| \_/\___|_| |_| |_| .__/ \___/      \_| \_/\___|\__,_|_|  \___/
2024-03-25 14:29:29,826 INFO                                          | |
2024-03-25 14:29:29,826 INFO                                          |_|
2024-03-25 14:29:29,826 INFO     -----------------------------------------------------------------------
2024-03-25 14:29:29,826 INFO     VPRTempoNeuro: Neuromorphic Visual Place Recognition v0.1.0
2024-03-25 14:29:29,826 INFO     Queensland University of Technology, Centre for Robotics
2024-03-25 14:29:29,826 INFO     
2024-03-25 14:29:29,826 INFO     © 2024 Adam D Hines, Michael Milford, Tobias Fischer
2024-03-25 14:29:29,827 INFO     MIT license - https://github.com/AdamDHines/VPRTempoNeuro
2024-03-25 14:29:29,827 INFO     \\\\\\\\\\\\
2024-03-25 14:29:29,827 INFO     
2024-03-25 14:29:29,832 INFO     Current device is CPU
2024-03-25 14:29:29,833 INFO     
2024-03-25 14:29:37,770 INFO     +--------+------+------+------+------+------+------+
|   N    |  1   |  5   |  10  |  15  |  20  |  25  |
+--------+------+------+------+------+------+------+
| Recall | 0.01 | 0.02 | 0.03 | 0.05 | 0.06 | 0.06 |
+--------+------+------+------+------+------+------+
